{"level":"info","message":"server is running at 8000","timestamp":"2023-06-29T05:23:05.503Z"}
{"level":"info","message":"server is running at 8000","timestamp":"2023-06-29T05:45:04.116Z"}
{"level":"info","message":"server is running at 8000","timestamp":"2023-06-29T05:45:35.974Z"}
{"level":"info","message":"server is running at 8000","timestamp":"2023-06-29T05:45:37.881Z"}
{"level":"info","message":"server is running at 8000","timestamp":"2023-06-29T05:45:44.749Z"}
{"level":"info","message":"server is running at 8000","timestamp":"2023-06-29T05:45:47.153Z"}
{"level":"info","message":"server is running at 8000","timestamp":"2023-06-29T05:45:49.843Z"}
{"level":"info","message":"server is running at 8000","timestamp":"2023-06-29T05:45:52.917Z"}
{"level":"info","message":"server is running at 8000","timestamp":"2023-06-29T05:45:55.586Z"}
{"level":"info","message":"server is running at 8000","timestamp":"2023-06-29T05:45:59.361Z"}
{"level":"info","message":"server is running at 8000","timestamp":"2023-06-29T05:46:01.044Z"}
{"level":"info","message":"server is running at 8000","timestamp":"2023-06-29T05:47:06.951Z"}
{"level":"info","message":"server is running at 8000","timestamp":"2023-06-29T05:47:10.758Z"}
{"level":"info","message":"server is running at 8000","timestamp":"2023-06-29T05:47:19.835Z"}
{"level":"info","message":"server is running at 8000","timestamp":"2023-06-29T05:47:46.308Z"}
{"level":"info","message":"server is running at 8000","timestamp":"2023-06-29T05:48:21.269Z"}
{"level":"info","message":"server is running at 8000","timestamp":"2023-06-29T05:48:26.010Z"}
{"level":"info","message":"server is running at 8000","timestamp":"2023-06-29T05:48:29.481Z"}
{"level":"info","message":"server is running at 8000","timestamp":"2023-06-29T05:48:38.967Z"}
{"level":"info","message":"server is running at 8000","timestamp":"2023-06-29T05:50:43.813Z"}
{"level":"info","message":"server is running at 8000","timestamp":"2023-06-29T05:51:01.112Z"}
{"level":"info","message":"server is running at 8000","timestamp":"2023-06-29T05:51:03.767Z"}
{"level":"info","message":"server is running at 8000","timestamp":"2023-06-29T05:51:09.502Z"}
{"level":"info","message":"server is running at 8000","timestamp":"2023-06-29T05:51:18.024Z"}
{"level":"info","message":"server is running at 8000","timestamp":"2023-06-29T05:51:24.517Z"}
{"level":"info","message":"server is running at 8000","timestamp":"2023-06-29T05:51:31.367Z"}
{"level":"info","message":"server is running at 8000","timestamp":"2023-06-29T05:51:35.942Z"}
{"level":"info","message":"server is running at 8000","timestamp":"2023-06-29T05:51:46.239Z"}
{"level":"info","message":"server is running at 8000","timestamp":"2023-06-29T05:53:38.265Z"}
{"level":"info","message":"server is running at 8000","timestamp":"2023-06-29T06:52:15.849Z"}
{"level":"info","message":"server is running at 8000","timestamp":"2023-06-29T06:53:16.740Z"}
{"level":"info","message":"kyc transaction requested for","timestamp":"2023-06-29T06:53:20.126Z"}
{"level":"info","message":{},"timestamp":"2023-06-29T06:53:20.710Z"}
{"level":"info","message":"server is running at 8000","timestamp":"2023-06-29T06:53:40.277Z"}
{"level":"info","message":"server is running at 8000","timestamp":"2023-06-29T06:53:43.285Z"}
{"level":"info","message":"kyc transaction requested for","timestamp":"2023-06-29T06:53:45.393Z"}
{"level":"info","message":{},"timestamp":"2023-06-29T06:53:46.020Z"}
{"level":"info","message":"server is running at 8000","timestamp":"2023-06-29T06:53:57.638Z"}
{"level":"info","message":"server is running at 8000","timestamp":"2023-06-29T06:54:07.085Z"}
{"level":"info","message":"server is running at 8000","timestamp":"2023-06-29T06:54:20.928Z"}
{"level":"info","message":"kyc transaction requested for","timestamp":"2023-06-29T06:54:24.358Z"}
{"level":"info","message":{},"timestamp":"2023-06-29T06:54:24.950Z"}
{"level":"info","message":"server is running at 8000","timestamp":"2023-06-29T06:54:50.806Z"}
{"level":"info","message":"server is running at 8000","timestamp":"2023-06-29T06:54:54.376Z"}
{"level":"info","message":"server is running at 8000","timestamp":"2023-06-29T06:54:57.837Z"}
{"level":"info","message":"server is running at 8000","timestamp":"2023-06-29T06:55:00.587Z"}
{"level":"info","message":"kyc transaction requested for","timestamp":"2023-06-29T06:55:02.308Z"}
{"level":"info","message":{},"timestamp":"2023-06-29T06:55:02.852Z"}
{"level":"info","message":"server is running at 8000","timestamp":"2023-06-29T06:55:17.125Z"}
{"level":"info","message":"server is running at 8000","timestamp":"2023-06-29T06:55:38.428Z"}
{"level":"info","message":"server is running at 8000","timestamp":"2023-06-29T06:55:41.854Z"}
{"level":"info","message":"server is running at 8000","timestamp":"2023-06-29T06:55:46.628Z"}
{"level":"info","message":"kyc transaction requested for","timestamp":"2023-06-29T06:55:53.935Z"}
{"level":"info","message":{},"timestamp":"2023-06-29T06:55:54.452Z"}
{"level":"info","message":"server is running at 8000","timestamp":"2023-06-29T06:56:14.918Z"}
{"level":"info","message":"server is running at 8000","timestamp":"2023-06-29T06:58:37.544Z"}
{"level":"info","message":"server is running at 8000","timestamp":"2023-06-29T06:58:40.549Z"}
{"level":"info","message":"server is running at 8000","timestamp":"2023-06-29T06:58:42.706Z"}
{"level":"info","message":"server is running at 8000","timestamp":"2023-06-29T06:58:45.421Z"}
{"level":"info","message":"kyc transaction requested for","timestamp":"2023-06-29T06:58:47.401Z"}
{"level":"info","message":{},"timestamp":"2023-06-29T06:58:47.908Z"}
{"level":"info","message":"server is running at 8000","timestamp":"2023-06-29T06:58:57.058Z"}
{"level":"info","message":"server is running at 8000","timestamp":"2023-06-29T07:01:03.967Z"}
{"level":"info","message":"server is running at 8000","timestamp":"2023-06-29T07:01:11.859Z"}
{"level":"info","message":"server is running at 8000","timestamp":"2023-06-29T07:01:35.304Z"}
{"level":"info","message":"server is running at 8000","timestamp":"2023-06-29T07:01:37.753Z"}
{"level":"info","message":"kyc transaction requested for","timestamp":"2023-06-29T07:01:41.353Z"}
{"level":"info","message":{},"timestamp":"2023-06-29T07:01:41.865Z"}
{"level":"info","message":"server is running at 8000","timestamp":"2023-06-29T07:02:09.776Z"}
{"level":"info","message":"server is running at 8000","timestamp":"2023-06-29T07:02:11.314Z"}
{"level":"info","message":"server is running at 8000","timestamp":"2023-06-29T07:02:14.844Z"}
{"level":"info","message":"kyc transaction requested for","timestamp":"2023-06-29T07:02:16.998Z"}
{"level":"info","message":{},"timestamp":"2023-06-29T07:02:17.488Z"}
{"level":"info","message":"server is running at 8000","timestamp":"2023-06-29T07:02:29.992Z"}
{"level":"info","message":"server is running at 8000","timestamp":"2023-06-29T07:02:31.626Z"}
{"level":"info","message":"server is running at 8000","timestamp":"2023-06-29T07:02:32.896Z"}
{"level":"info","message":"kyc transaction requested for","timestamp":"2023-06-29T07:02:35.974Z"}
{"level":"info","message":{},"timestamp":"2023-06-29T07:02:36.395Z"}
{"level":"info","message":"server is running at 8000","timestamp":"2023-06-29T07:03:00.903Z"}
{"level":"info","message":"server is running at 8000","timestamp":"2023-06-29T07:03:02.548Z"}
{"level":"info","message":"kyc transaction requested for","timestamp":"2023-06-29T07:03:04.237Z"}
{"level":"info","message":{},"timestamp":"2023-06-29T07:03:04.751Z"}
{"level":"info","message":"server is running at 8000","timestamp":"2023-06-29T07:03:14.178Z"}
{"level":"info","message":"server is running at 8000","timestamp":"2023-06-29T07:03:21.652Z"}
{"level":"info","message":"server is running at 8000","timestamp":"2023-06-29T07:03:25.449Z"}
{"level":"info","message":"server is running at 8000","timestamp":"2023-06-29T07:03:27.182Z"}
{"level":"info","message":"kyc transaction requested for","timestamp":"2023-06-29T07:03:28.869Z"}
{"level":"info","message":{},"timestamp":"2023-06-29T07:03:29.338Z"}
{"level":"info","message":"server is running at 8000","timestamp":"2023-06-29T07:03:42.867Z"}
{"level":"info","message":"server is running at 8000","timestamp":"2023-06-29T07:03:47.893Z"}
{"level":"info","message":"server is running at 8000","timestamp":"2023-06-29T07:04:17.442Z"}
{"level":"info","message":"server is running at 8000","timestamp":"2023-06-29T07:04:22.175Z"}
{"level":"info","message":"server is running at 8000","timestamp":"2023-06-29T07:04:29.819Z"}
{"level":"info","message":"server is running at 8000","timestamp":"2023-06-29T07:04:37.525Z"}
{"level":"info","message":"server is running at 8000","timestamp":"2023-06-29T07:04:41.254Z"}
{"level":"info","message":"server is running at 8000","timestamp":"2023-06-29T07:04:47.368Z"}
{"level":"info","message":"server is running at 8000","timestamp":"2023-06-29T07:04:49.155Z"}
{"level":"info","message":"server is running at 8000","timestamp":"2023-06-29T07:04:52.617Z"}
{"level":"info","message":"server is running at 8000","timestamp":"2023-06-29T07:05:00.151Z"}
{"level":"info","message":"kyc transaction requested for","timestamp":"2023-06-29T07:05:01.807Z"}
{"level":"info","message":{},"timestamp":"2023-06-29T07:05:02.879Z"}
{"level":"info","message":"server is running at 8000","timestamp":"2023-06-29T07:05:24.249Z"}
{"level":"info","message":"server is running at 8000","timestamp":"2023-06-29T07:05:27.287Z"}
{"level":"info","message":"server is running at 8000","timestamp":"2023-06-29T07:05:36.031Z"}
{"level":"info","message":"server is running at 8000","timestamp":"2023-06-29T07:05:39.573Z"}
{"level":"info","message":"server is running at 8000","timestamp":"2023-06-29T07:05:40.896Z"}
{"level":"info","message":"server is running at 8000","timestamp":"2023-06-29T07:06:21.759Z"}
{"level":"info","message":"server is running at 8000","timestamp":"2023-06-29T07:06:28.731Z"}
{"level":"info","message":"server is running at 8000","timestamp":"2023-06-29T07:06:41.902Z"}
{"level":"info","message":"server is running at 8000","timestamp":"2023-06-29T07:06:54.065Z"}
{"level":"info","message":"server is running at 8000","timestamp":"2023-06-29T07:07:11.564Z"}
{"level":"info","message":"server is running at 8000","timestamp":"2023-06-29T07:07:38.059Z"}
{"level":"info","message":"server is running at 8000","timestamp":"2023-06-29T07:07:42.900Z"}
{"level":"info","message":"server is running at 8000","timestamp":"2023-06-29T07:07:46.588Z"}
{"level":"info","message":"server is running at 8000","timestamp":"2023-06-29T07:07:48.296Z"}
{"level":"info","message":"server is running at 8000","timestamp":"2023-06-29T07:07:50.259Z"}
{"level":"info","message":"server is running at 8000","timestamp":"2023-06-29T07:08:05.039Z"}
{"level":"info","message":"server is running at 8000","timestamp":"2023-06-29T07:08:08.682Z"}
{"level":"info","message":"server is running at 8000","timestamp":"2023-06-29T07:08:10.204Z"}
{"level":"info","message":"server is running at 8000","timestamp":"2023-06-29T07:08:18.525Z"}
{"level":"info","message":"server is running at 8000","timestamp":"2023-06-29T07:08:28.545Z"}
{"level":"info","message":"server is running at 8000","timestamp":"2023-06-29T07:08:30.808Z"}
{"level":"info","message":"server is running at 8000","timestamp":"2023-06-29T07:08:40.651Z"}
{"level":"info","message":"server is running at 8000","timestamp":"2023-06-29T07:08:51.170Z"}
{"level":"info","message":"server is running at 8000","timestamp":"2023-06-29T07:08:57.027Z"}
{"level":"info","message":"kyc transaction requested for","timestamp":"2023-06-29T07:09:02.989Z"}
{"level":"info","message":{},"timestamp":"2023-06-29T07:09:03.946Z"}
{"level":"info","message":"server is running at 8000","timestamp":"2023-06-29T07:09:35.131Z"}
{"level":"info","message":"server is running at 8000","timestamp":"2023-06-29T07:09:44.790Z"}
{"level":"info","message":"server is running at 8000","timestamp":"2023-06-29T07:09:50.179Z"}
{"level":"info","message":"server is running at 8000","timestamp":"2023-06-29T07:09:52.583Z"}
{"level":"info","message":"server is running at 8000","timestamp":"2023-06-29T07:09:57.989Z"}
{"level":"info","message":"server is running at 8000","timestamp":"2023-06-29T07:10:05.229Z"}
{"level":"info","message":"kyc transaction requested for","timestamp":"2023-06-29T07:10:13.067Z"}
{"level":"info","message":{},"timestamp":"2023-06-29T07:10:13.917Z"}
{"level":"info","message":"server is running at 8000","timestamp":"2023-06-29T07:10:34.662Z"}
{"level":"info","message":"server is running at 8000","timestamp":"2023-06-29T07:10:38.352Z"}
{"level":"info","message":"server is running at 8000","timestamp":"2023-06-29T07:10:39.724Z"}
{"level":"info","message":"server is running at 8000","timestamp":"2023-06-29T07:10:42.446Z"}
{"level":"info","message":"server is running at 8000","timestamp":"2023-06-29T07:10:49.980Z"}
{"level":"info","message":"server is running at 8000","timestamp":"2023-06-29T07:10:51.200Z"}
{"level":"info","message":"server is running at 8000","timestamp":"2023-06-29T07:10:58.670Z"}
{"level":"info","message":"server is running at 8000","timestamp":"2023-06-29T07:11:01.490Z"}
{"level":"info","message":"server is running at 8000","timestamp":"2023-06-29T07:11:02.453Z"}
{"level":"info","message":"kyc transaction requested for","timestamp":"2023-06-29T07:11:18.634Z"}
{"level":"info","message":{},"timestamp":"2023-06-29T07:11:19.496Z"}
{"level":"info","message":{},"timestamp":"2023-06-29T07:11:19.497Z"}
{"level":"info","message":"server is running at 8000","timestamp":"2023-06-29T07:11:41.622Z"}
{"level":"info","message":"server is running at 8000","timestamp":"2023-06-29T07:11:46.093Z"}
{"level":"info","message":"server is running at 8000","timestamp":"2023-06-29T07:11:47.218Z"}
{"level":"info","message":"server is running at 8000","timestamp":"2023-06-29T07:11:49.790Z"}
{"level":"info","message":"server is running at 8000","timestamp":"2023-06-29T07:12:25.928Z"}
{"level":"info","message":"server is running at 8000","timestamp":"2023-06-29T07:12:29.245Z"}
{"level":"info","message":"kyc transaction requested for","timestamp":"2023-06-29T07:12:33.358Z"}
{"level":"info","message":"dispatch api called for","timestamp":"2023-06-29T07:12:34.284Z"}
{"level":"info","message":{},"timestamp":"2023-06-29T07:12:34.286Z"}
{"level":"info","message":{},"timestamp":"2023-06-29T07:12:34.290Z"}
{"level":"info","message":"server is running at 8000","timestamp":"2023-06-29T07:12:49.959Z"}
{"level":"info","message":"server is running at 8000","timestamp":"2023-06-29T07:12:53.432Z"}
{"level":"info","message":"server is running at 8000","timestamp":"2023-06-29T07:12:54.885Z"}
{"level":"info","message":"server is running at 8000","timestamp":"2023-06-29T07:13:00.341Z"}
{"level":"info","message":"server is running at 8000","timestamp":"2023-06-29T07:13:02.239Z"}
{"level":"info","message":"kyc transaction requested for","timestamp":"2023-06-29T07:13:03.648Z"}
{"level":"info","message":"dispatch api called for","timestamp":"2023-06-29T07:13:04.547Z"}
{"level":"info","message":{"code":"ERR_BAD_REQUEST","config":{"adapter":["xhr","http"],"data":"{\"action\":\"SENT_TO_SECOND_PARTY\"}","env":{},"headers":{"Accept":"application/json, text/plain, */*","Accept-Encoding":"gzip, compress, deflate, br","Content-Length":"33","Content-Type":"application/vnd.manch.v1+json","User-Agent":"axios/1.4.0"},"maxBodyLength":-1,"maxContentLength":-1,"method":"patch","timeout":0,"transformRequest":[null],"transformResponse":[null],"transitional":{"clarifyTimeoutError":false,"forcedJSONParsing":true,"silentJSONParsing":true},"url":"https://giftsmiles-uat.woohoo.in//fill-data/transaction/6265","xsrfCookieName":"XSRF-TOKEN","xsrfHeaderName":"X-XSRF-TOKEN"},"message":"Request failed with status code 405","name":"AxiosError","stack":"AxiosError: Request failed with status code 405\n    at settle (file:///D:/QC-APP/node_modules/axios/lib/core/settle.js:19:12)\n    at IncomingMessage.handleStreamEnd (file:///D:/QC-APP/node_modules/axios/lib/adapters/http.js:570:11)\n    at IncomingMessage.emit (node:events:525:35)\n    at endReadableNT (node:internal/streams/readable:1359:12)\n    at process.processTicksAndRejections (node:internal/process/task_queues:82:21)","status":405},"timestamp":"2023-06-29T07:13:04.751Z"}
{"level":"info","message":{},"timestamp":"2023-06-29T07:13:04.753Z"}
{"level":"info","message":"server is running at 8000","timestamp":"2023-06-29T07:13:23.019Z"}
{"level":"info","message":"server is running at 8000","timestamp":"2023-06-29T07:13:42.527Z"}
{"level":"info","message":"kyc transaction requested for","timestamp":"2023-06-29T07:13:46.047Z"}
{"level":"info","message":"dispatch api called for","timestamp":"2023-06-29T07:13:46.834Z"}
{"level":"info","message":{"code":"ERR_BAD_REQUEST","config":{"adapter":["xhr","http"],"data":"{\"action\":\"SENT_TO_SECOND_PARTY\"}","env":{},"headers":{"Accept":"application/json, text/plain, */*","Accept-Encoding":"gzip, compress, deflate, br","Content-Length":"33","Content-Type":"application/vnd.manch.v1+json","User-Agent":"axios/1.4.0"},"maxBodyLength":-1,"maxContentLength":-1,"method":"patch","timeout":0,"transformRequest":[null],"transformResponse":[null],"transitional":{"clarifyTimeoutError":false,"forcedJSONParsing":true,"silentJSONParsing":true},"url":"https://giftsmiles-uat.woohoo.in/fill-data/transaction/6266","xsrfCookieName":"XSRF-TOKEN","xsrfHeaderName":"X-XSRF-TOKEN"},"message":"Request failed with status code 405","name":"AxiosError","stack":"AxiosError: Request failed with status code 405\n    at settle (file:///D:/QC-APP/node_modules/axios/lib/core/settle.js:19:12)\n    at IncomingMessage.handleStreamEnd (file:///D:/QC-APP/node_modules/axios/lib/adapters/http.js:570:11)\n    at IncomingMessage.emit (node:events:525:35)\n    at endReadableNT (node:internal/streams/readable:1359:12)\n    at process.processTicksAndRejections (node:internal/process/task_queues:82:21)","status":405},"timestamp":"2023-06-29T07:13:46.931Z"}
{"level":"info","message":{},"timestamp":"2023-06-29T07:13:46.934Z"}
{"level":"info","message":"server is running at 8000","timestamp":"2023-06-29T07:14:53.933Z"}
{"level":"info","message":"server is running at 8000","timestamp":"2023-06-29T07:15:00.141Z"}
{"level":"info","message":"server is running at 8000","timestamp":"2023-06-29T07:15:01.377Z"}
{"level":"info","message":"kyc transaction requested for","timestamp":"2023-06-29T07:15:06.556Z"}
{"level":"info","message":"dispatch api called for","timestamp":"2023-06-29T07:15:07.537Z"}
{"level":"info","message":{"code":"ERR_BAD_REQUEST","config":{"adapter":["xhr","http"],"data":"{\"action\":\"SENT_TO_SECOND_PARTY\"}","env":{},"headers":{"Accept":"application/json, text/plain, */*","Accept-Encoding":"gzip, compress, deflate, br","Content-Length":"33","Content-Type":"application/vnd.manch.v1+json","User-Agent":"axios/1.4.0"},"maxBodyLength":-1,"maxContentLength":-1,"method":"patch","timeout":0,"transformRequest":[null],"transformResponse":[null],"transitional":{"clarifyTimeoutError":false,"forcedJSONParsing":true,"silentJSONParsing":true},"url":"https://giftsmiles-uat.woohoo.in/fill-data/transaction/6267","xsrfCookieName":"XSRF-TOKEN","xsrfHeaderName":"X-XSRF-TOKEN"},"message":"Request failed with status code 405","name":"AxiosError","stack":"AxiosError: Request failed with status code 405\n    at settle (file:///D:/QC-APP/node_modules/axios/lib/core/settle.js:19:12)\n    at IncomingMessage.handleStreamEnd (file:///D:/QC-APP/node_modules/axios/lib/adapters/http.js:570:11)\n    at IncomingMessage.emit (node:events:525:35)\n    at endReadableNT (node:internal/streams/readable:1359:12)\n    at process.processTicksAndRejections (node:internal/process/task_queues:82:21)","status":405},"timestamp":"2023-06-29T07:15:07.684Z"}
{"level":"info","message":{},"timestamp":"2023-06-29T07:15:07.686Z"}
{"level":"info","message":"server is running at 8000","timestamp":"2023-06-29T07:16:17.091Z"}
{"level":"info","message":"server is running at 8000","timestamp":"2023-06-29T07:16:19.915Z"}
{"level":"info","message":"kyc transaction requested for","timestamp":"2023-06-29T07:16:49.093Z"}
{"level":"info","message":"dispatch api called for","timestamp":"2023-06-29T07:16:49.911Z"}
{"level":"info","message":{"code":"ERR_BAD_REQUEST","config":{"adapter":["xhr","http"],"data":"{\"action\":\"SENT_TO_SECOND_PARTY\"}","env":{},"headers":{"Accept":"application/json, text/plain, */*","Accept-Encoding":"gzip, compress, deflate, br","Content-Length":"33","Content-Type":"application/vnd.manch.v1+json","User-Agent":"axios/1.4.0"},"maxBodyLength":-1,"maxContentLength":-1,"method":"patch","timeout":0,"transformRequest":[null],"transformResponse":[null],"transitional":{"clarifyTimeoutError":false,"forcedJSONParsing":true,"silentJSONParsing":true},"url":"https://giftsmiles-uat.woohoo.in/app/api/fill-data/transaction/6268","xsrfCookieName":"XSRF-TOKEN","xsrfHeaderName":"X-XSRF-TOKEN"},"message":"Request failed with status code 401","name":"AxiosError","stack":"AxiosError: Request failed with status code 401\n    at settle (file:///D:/QC-APP/node_modules/axios/lib/core/settle.js:19:12)\n    at IncomingMessage.handleStreamEnd (file:///D:/QC-APP/node_modules/axios/lib/adapters/http.js:570:11)\n    at IncomingMessage.emit (node:events:525:35)\n    at endReadableNT (node:internal/streams/readable:1359:12)\n    at process.processTicksAndRejections (node:internal/process/task_queues:82:21)","status":401},"timestamp":"2023-06-29T07:16:50.063Z"}
{"level":"info","message":{},"timestamp":"2023-06-29T07:16:50.066Z"}
{"level":"info","message":"server is running at 8000","timestamp":"2023-06-29T07:17:43.927Z"}
{"level":"info","message":"server is running at 8000","timestamp":"2023-06-29T07:21:31.979Z"}
{"level":"info","message":"server is running at 8000","timestamp":"2023-06-29T07:22:04.860Z"}
{"level":"info","message":"server is running at 8000","timestamp":"2023-06-29T07:22:06.138Z"}
{"level":"info","message":"server is running at 8000","timestamp":"2023-06-29T07:22:31.279Z"}
{"level":"info","message":"server is running at 8000","timestamp":"2023-06-29T07:22:33.710Z"}
{"level":"info","message":"server is running at 8000","timestamp":"2023-06-29T07:22:43.258Z"}
{"level":"info","message":"server is running at 8000","timestamp":"2023-06-29T07:22:46.656Z"}
{"level":"info","message":"server is running at 8000","timestamp":"2023-06-29T07:22:48.880Z"}
{"level":"info","message":"server is running at 8000","timestamp":"2023-06-29T07:22:52.773Z"}
{"level":"info","message":"server is running at 8000","timestamp":"2023-06-29T07:22:54.646Z"}
{"level":"info","message":"server is running at 8000","timestamp":"2023-06-29T07:23:08.023Z"}
{"level":"info","message":"server is running at 8000","timestamp":"2023-06-29T07:23:09.310Z"}
{"level":"info","message":{},"timestamp":"2023-06-29T07:23:30.270Z"}
{"level":"info","message":"server is running at 8000","timestamp":"2023-06-29T07:23:50.505Z"}
{"level":"info","message":"kyc transaction requested for","timestamp":"2023-06-29T07:23:52.867Z"}
{"level":"info","message":{"code":"ERR_BAD_REQUEST","config":{"adapter":["xhr","http"],"data":"{\"shopifyID\":\"SHOP256\",\"pan\":\"AYDPK1509P\",\"firstName\":\"varsha\",\"lastName\":\"Antargangi\"}","env":{},"headers":{"Accept":"application/json, text/plain, */*","Accept-Encoding":"gzip, compress, deflate, br","Authorization":"HS256 TST00001:37004709204f4301f2480b2776f5ad541abfb404cf0d3b8d7db17aec376e5c9a","Content-Length":"87","Content-Type":"application/vnd.manch.v1+json","User-Agent":"axios/1.4.0","request-id":"1688023432866"},"maxBodyLength":-1,"maxContentLength":-1,"method":"put","timeout":0,"transformRequest":[null],"transformResponse":[null],"transitional":{"clarifyTimeoutError":false,"forcedJSONParsing":true,"silentJSONParsing":true},"url":"https://giftsmiles-uat.woohoo.in/app/api/fill-data/transaction/6269/template/54/docType/122","xsrfCookieName":"XSRF-TOKEN","xsrfHeaderName":"X-XSRF-TOKEN"},"message":"Request failed with status code 401","name":"AxiosError","stack":"AxiosError: Request failed with status code 401\n    at settle (file:///D:/QC-APP/node_modules/axios/lib/core/settle.js:19:12)\n    at IncomingMessage.handleStreamEnd (file:///D:/QC-APP/node_modules/axios/lib/adapters/http.js:570:11)\n    at IncomingMessage.emit (node:events:525:35)\n    at endReadableNT (node:internal/streams/readable:1359:12)\n    at process.processTicksAndRejections (node:internal/process/task_queues:82:21)","status":401},"timestamp":"2023-06-29T07:23:54.075Z"}
{"level":"info","message":{},"timestamp":"2023-06-29T07:23:54.076Z"}
{"level":"info","message":"server is running at 8000","timestamp":"2023-06-29T07:25:48.550Z"}
{"level":"info","message":"server is running at 8000","timestamp":"2023-06-29T07:25:52.305Z"}
{"level":"info","message":"server is running at 8000","timestamp":"2023-06-29T07:26:00.585Z"}
{"level":"info","message":"server is running at 8000","timestamp":"2023-06-29T07:26:06.125Z"}
{"level":"info","message":{},"timestamp":"2023-06-29T07:26:11.841Z"}
{"level":"info","message":"server is running at 8000","timestamp":"2023-06-29T07:26:27.542Z"}
{"level":"info","message":"server is running at 8000","timestamp":"2023-06-29T07:26:32.040Z"}
{"level":"info","message":"kyc transaction requested for","timestamp":"2023-06-29T07:26:33.784Z"}
{"level":"info","message":"dispatch api called for","timestamp":"2023-06-29T07:26:35.157Z"}
{"level":"info","message":{"code":"ERR_BAD_REQUEST","config":{"adapter":["xhr","http"],"data":"{\"action\":\"SENT_TO_SECOND_PARTY\"}","env":{},"headers":{"Accept":"application/json, text/plain, */*","Accept-Encoding":"gzip, compress, deflate, br","Content-Length":"33","Content-Type":"application/vnd.manch.v1+json","User-Agent":"axios/1.4.0"},"maxBodyLength":-1,"maxContentLength":-1,"method":"patch","timeout":0,"transformRequest":[null],"transformResponse":[null],"transitional":{"clarifyTimeoutError":false,"forcedJSONParsing":true,"silentJSONParsing":true},"url":"https://giftsmiles-uat.woohoo.in/app/api/fill-data/transaction/6270","xsrfCookieName":"XSRF-TOKEN","xsrfHeaderName":"X-XSRF-TOKEN"},"message":"Request failed with status code 401","name":"AxiosError","stack":"AxiosError: Request failed with status code 401\n    at settle (file:///D:/QC-APP/node_modules/axios/lib/core/settle.js:19:12)\n    at IncomingMessage.handleStreamEnd (file:///D:/QC-APP/node_modules/axios/lib/adapters/http.js:570:11)\n    at IncomingMessage.emit (node:events:525:35)\n    at endReadableNT (node:internal/streams/readable:1359:12)\n    at process.processTicksAndRejections (node:internal/process/task_queues:82:21)","status":401},"timestamp":"2023-06-29T07:26:35.609Z"}
{"level":"info","message":{},"timestamp":"2023-06-29T07:26:35.611Z"}
{"level":"info","message":"server is running at 8000","timestamp":"2023-06-29T07:27:19.019Z"}
{"level":"info","message":"server is running at 8000","timestamp":"2023-06-29T07:27:36.734Z"}
{"level":"info","message":"server is running at 8000","timestamp":"2023-06-29T07:27:38.979Z"}
{"level":"info","message":"kyc transaction requested for","timestamp":"2023-06-29T07:27:44.134Z"}
{"level":"info","message":"dispatch api called for","timestamp":"2023-06-29T07:27:45.507Z"}
{"level":"info","message":{},"timestamp":"2023-06-29T07:27:46.013Z"}
{"level":"info","message":"server is running at 8000","timestamp":"2023-06-29T07:29:45.271Z"}
{"level":"info","message":"server is running at 8000","timestamp":"2023-06-29T07:30:24.216Z"}
{"level":"info","message":"server is running at 8000","timestamp":"2023-06-29T07:30:33.444Z"}
{"level":"info","message":"server is running at 8000","timestamp":"2023-06-29T07:30:35.972Z"}
{"level":"info","message":"server is running at 8000","timestamp":"2023-06-29T07:30:40.517Z"}
{"level":"info","message":"server is running at 8000","timestamp":"2023-06-29T07:30:43.344Z"}
{"level":"info","message":"server is running at 8000","timestamp":"2023-06-29T07:31:05.006Z"}
{"level":"info","message":"server is running at 8000","timestamp":"2023-06-29T07:31:10.639Z"}
{"level":"info","message":"server is running at 8000","timestamp":"2023-06-29T07:31:21.525Z"}
{"level":"info","message":"server is running at 8000","timestamp":"2023-06-29T07:31:23.218Z"}
{"level":"info","message":"server is running at 8000","timestamp":"2023-06-29T07:31:25.626Z"}
{"level":"info","message":"server is running at 8000","timestamp":"2023-06-29T07:31:28.780Z"}
{"level":"info","message":"server is running at 8000","timestamp":"2023-06-29T07:31:31.077Z"}
{"level":"info","message":"server is running at 8000","timestamp":"2023-06-29T07:31:33.833Z"}
{"level":"info","message":"kyc transaction requested for","timestamp":"2023-06-29T07:31:39.341Z"}
{"level":"info","message":"dispatch api called for","timestamp":"2023-06-29T07:31:40.608Z"}
{"level":"info","message":{"code":"ERR_HTTP_HEADERS_SENT"},"timestamp":"2023-06-29T07:31:41.018Z"}
{"level":"info","message":"server is running at 8000","timestamp":"2023-06-29T07:49:22.392Z"}
{"level":"info","message":"kyc transaction requested for","timestamp":"2023-06-29T07:49:44.904Z"}
{"level":"info","message":"dispatch api called for","timestamp":"2023-06-29T07:49:45.948Z"}
{"level":"info","message":"server is running at 8000","timestamp":"2023-06-29T09:49:11.054Z"}
{"level":"info","message":"server is running at 8000","timestamp":"2023-06-29T09:52:39.414Z"}
{"level":"info","message":"server is running at 8000","timestamp":"2023-06-29T09:52:47.669Z"}
{"level":"info","message":"server is running at 8000","timestamp":"2023-06-29T09:52:55.703Z"}
{"level":"info","message":"server is running at 8000","timestamp":"2023-06-29T09:52:59.161Z"}
{"level":"info","message":"server is running at 8000","timestamp":"2023-06-29T09:53:08.545Z"}
{"level":"info","message":"server is running at 8000","timestamp":"2023-06-29T09:53:16.727Z"}
{"level":"info","message":"server is running at 8000","timestamp":"2023-06-29T09:53:19.989Z"}
{"level":"info","message":"server is running at 8000","timestamp":"2023-06-29T09:53:25.625Z"}
{"level":"info","message":"server is running at 8000","timestamp":"2023-06-29T09:54:02.297Z"}
{"level":"info","message":"server is running at 8000","timestamp":"2023-06-29T10:02:19.873Z"}
{"level":"info","message":"server is running at 8000","timestamp":"2023-06-29T10:04:08.543Z"}
{"level":"info","message":"server is running at 8000","timestamp":"2023-06-29T10:04:12.380Z"}
{"level":"info","message":"server is running at 8000","timestamp":"2023-06-29T10:42:10.890Z"}
{"level":"info","message":"server is running at 8000","timestamp":"2023-06-29T10:42:23.859Z"}
{"level":"info","message":"server is running at 8000","timestamp":"2023-06-29T10:42:35.402Z"}
{"level":"info","message":"server is running at 8000","timestamp":"2023-06-29T10:42:41.927Z"}
{"level":"info","message":"server is running at 8000","timestamp":"2023-06-29T10:42:48.533Z"}
{"level":"info","message":"server is running at 8000","timestamp":"2023-06-29T10:42:50.284Z"}
{"level":"info","message":"server is running at 8000","timestamp":"2023-06-29T10:42:53.116Z"}
{"level":"info","message":"server is running at 8000","timestamp":"2023-06-29T10:42:56.977Z"}
{"level":"info","message":"server is running at 8000","timestamp":"2023-06-29T10:43:34.758Z"}
{"level":"info","message":"server is running at 8000","timestamp":"2023-06-29T10:43:52.893Z"}
{"level":"info","message":"server is running at 8000","timestamp":"2023-06-29T10:43:55.271Z"}
{"level":"info","message":"server is running at 8000","timestamp":"2023-06-29T10:44:02.599Z"}
{"level":"info","message":"server is running at 8000","timestamp":"2023-06-29T10:44:04.396Z"}
{"level":"info","message":"server is running at 8000","timestamp":"2023-06-29T10:44:09.386Z"}
{"level":"info","message":"server is running at 8000","timestamp":"2023-06-29T10:44:14.576Z"}
{"level":"info","message":"server is running at 8000","timestamp":"2023-06-29T10:44:17.683Z"}
{"level":"info","message":"server is running at 8000","timestamp":"2023-06-29T10:44:21.025Z"}
{"level":"info","message":"server is running at 8000","timestamp":"2023-06-29T10:44:22.702Z"}
{"level":"info","message":"server is running at 8000","timestamp":"2023-06-29T10:44:36.975Z"}
{"level":"info","message":"server is running at 8000","timestamp":"2023-06-29T10:44:39.630Z"}
{"level":"info","message":"server is running at 8000","timestamp":"2023-06-29T10:44:42.540Z"}
{"level":"info","message":"server is running at 8000","timestamp":"2023-06-29T10:44:45.497Z"}
{"level":"info","message":"server is running at 8000","timestamp":"2023-06-29T10:44:59.758Z"}
{"level":"info","message":"server is running at 8000","timestamp":"2023-06-29T10:45:05.659Z"}
{"level":"info","message":"server is running at 8000","timestamp":"2023-06-29T10:45:08.286Z"}
{"level":"info","message":"server is running at 8000","timestamp":"2023-06-29T10:45:13.427Z"}
{"level":"info","message":"server is running at 8000","timestamp":"2023-06-29T10:45:15.201Z"}
{"level":"info","message":"server is running at 8000","timestamp":"2023-06-29T10:45:20.292Z"}
{"level":"info","message":"server is running at 8000","timestamp":"2023-06-29T10:45:22.491Z"}
{"level":"info","message":"server is running at 8000","timestamp":"2023-06-29T10:48:59.355Z"}
{"level":"info","message":"server is running at 8000","timestamp":"2023-06-29T10:49:16.874Z"}
{"level":"info","message":"server is running at 8000","timestamp":"2023-06-29T10:49:19.654Z"}
{"level":"info","message":"server is running at 8000","timestamp":"2023-06-29T10:49:28.820Z"}
{"level":"info","message":"server is running at 8000","timestamp":"2023-06-29T10:49:40.294Z"}
{"level":"info","message":"server is running at 8000","timestamp":"2023-06-29T10:49:45.415Z"}
{"level":"info","message":"server is running at 8000","timestamp":"2023-06-29T10:49:49.062Z"}
{"level":"info","message":"server is running at 8000","timestamp":"2023-06-29T10:49:55.659Z"}
{"level":"info","message":"server is running at 8000","timestamp":"2023-06-29T10:49:57.587Z"}
{"level":"info","message":"server is running at 8000","timestamp":"2023-06-29T10:50:27.717Z"}
{"level":"info","message":"server is running at 8000","timestamp":"2023-06-29T10:50:31.145Z"}
{"level":"info","message":"server is running at 8000","timestamp":"2023-06-29T10:50:33.922Z"}
{"level":"info","message":"server is running at 8000","timestamp":"2023-06-29T10:50:38.347Z"}
{"level":"info","message":"server is running at 8000","timestamp":"2023-06-29T10:50:41.099Z"}
{"level":"info","message":"server is running at 8000","timestamp":"2023-06-29T10:50:43.359Z"}
{"level":"info","message":"server is running at 8000","timestamp":"2023-06-29T10:50:57.950Z"}
{"level":"info","message":"server is running at 8000","timestamp":"2023-06-29T10:51:00.568Z"}
{"level":"info","message":"server is running at 8000","timestamp":"2023-06-29T10:51:04.775Z"}
{"level":"info","message":"server is running at 8000","timestamp":"2023-06-29T10:51:17.789Z"}
{"level":"info","message":"server is running at 8000","timestamp":"2023-06-29T10:51:25.484Z"}
{"level":"info","message":"server is running at 8000","timestamp":"2023-06-29T10:51:26.933Z"}
{"level":"info","message":"server is running at 8000","timestamp":"2023-06-29T10:51:54.692Z"}
{"level":"info","message":"server is running at 8000","timestamp":"2023-06-29T10:52:03.164Z"}
{"level":"info","message":"server is running at 8000","timestamp":"2023-06-29T10:52:06.177Z"}
{"level":"info","message":"server is running at 8000","timestamp":"2023-06-29T10:52:12.095Z"}
{"level":"info","message":"server is running at 8000","timestamp":"2023-06-29T10:52:51.868Z"}
{"level":"info","message":"server is running at 8000","timestamp":"2023-06-29T10:56:07.541Z"}
{"level":"info","message":"server is running at 8000","timestamp":"2023-06-29T10:59:25.259Z"}
{"level":"info","message":"server is running at 8000","timestamp":"2023-06-29T10:59:42.993Z"}
{"level":"info","message":"server is running at 8000","timestamp":"2023-06-29T11:03:23.878Z"}
{"level":"info","message":"server is running at 8000","timestamp":"2023-06-29T11:03:56.463Z"}
{"level":"info","message":"server is running at 8000","timestamp":"2023-06-29T11:04:09.296Z"}
{"level":"info","message":"server is running at 8000","timestamp":"2023-06-29T11:04:14.458Z"}
{"level":"info","message":"server is running at 8000","timestamp":"2023-06-29T11:04:16.381Z"}
{"level":"info","message":"server is running at 8000","timestamp":"2023-06-29T11:04:20.831Z"}
{"level":"info","message":"server is running at 8000","timestamp":"2023-06-29T11:04:24.857Z"}
{"level":"info","message":"server is running at 8000","timestamp":"2023-06-29T11:04:42.162Z"}
{"level":"info","message":"server is running at 8000","timestamp":"2023-06-29T11:05:19.482Z"}
{"level":"info","message":"server is running at 8000","timestamp":"2023-06-29T11:06:39.633Z"}
{"level":"info","message":"server is running at 8000","timestamp":"2023-06-29T11:07:21.360Z"}
{"level":"info","message":"server is running at 8000","timestamp":"2023-06-29T11:07:25.029Z"}
{"level":"info","message":"server is running at 8000","timestamp":"2023-06-29T11:17:08.824Z"}
{"level":"info","message":"server is running at 8000","timestamp":"2023-06-29T11:18:43.543Z"}
{"level":"info","message":"server is running at 8000","timestamp":"2023-06-29T11:18:51.672Z"}
{"level":"info","message":"server is running at 8000","timestamp":"2023-06-29T11:18:55.479Z"}
{"level":"info","message":"kyc transaction requested for","timestamp":"2023-06-29T11:33:13.466Z"}
{"level":"info","message":"dispatch api called for","timestamp":"2023-06-29T11:33:14.178Z"}
{"level":"info","message":"kyc transaction requested for","timestamp":"2023-06-29T11:33:14.891Z"}
{"level":"info","message":"dispatch api called for","timestamp":"2023-06-29T11:33:15.425Z"}
{"level":"info","message":"kyc transaction requested for","timestamp":"2023-06-29T11:34:32.399Z"}
{"level":"info","message":"dispatch api called for","timestamp":"2023-06-29T11:34:33.301Z"}
{"level":"info","message":"kyc transaction requested for","timestamp":"2023-06-29T11:35:26.907Z"}
{"level":"info","message":"dispatch api called for","timestamp":"2023-06-29T11:35:27.739Z"}
{"level":"info","message":"kyc transaction requested for","timestamp":"2023-06-29T11:35:28.355Z"}
{"level":"info","message":"dispatch api called for","timestamp":"2023-06-29T11:35:29.240Z"}
{"level":"info","message":"server is running at 8000","timestamp":"2023-06-29T12:20:48.620Z"}
{"level":"info","message":"server is running at 8000","timestamp":"2023-06-29T12:20:54.552Z"}
{"level":"info","message":"server is running at 8000","timestamp":"2023-06-29T12:20:59.495Z"}
{"level":"info","message":"server is running at 8000","timestamp":"2023-06-29T12:21:03.473Z"}
{"level":"info","message":"server is running at 8000","timestamp":"2023-06-29T12:21:11.868Z"}
{"level":"info","message":"server is running at 8000","timestamp":"2023-06-29T12:25:15.731Z"}
{"level":"info","message":"kyc transaction requested for","timestamp":"2023-06-29T12:25:47.221Z"}
{"level":"info","message":"dispatch api called for","timestamp":"2023-06-29T12:25:48.088Z"}
{"level":"info","message":"kyc transaction requested for","timestamp":"2023-06-29T12:25:55.474Z"}
{"level":"info","message":"dispatch api called for","timestamp":"2023-06-29T12:25:56.191Z"}
{"level":"info","message":"server is running at 8000","timestamp":"2023-06-29T13:09:57.160Z"}
