{"level":"info","message":"server is running at 8000","timestamp":"2023-07-03T04:56:33.418Z"}
{"level":"info","message":"kyc transaction requested for","timestamp":"2023-07-03T05:25:05.628Z"}
{"level":"info","message":"dispatch api called for","timestamp":"2023-07-03T05:25:07.553Z"}
{"level":"info","message":{"code":"ERR_BAD_REQUEST","config":{"adapter":["xhr","http"],"data":"{\"action\":\"SENT_TO_SECOND_PARTY\"}","env":{},"headers":{"Accept":"application/json, text/plain, */*","Accept-Encoding":"gzip, compress, deflate, br","Authorization":"HS256 TST00001:a15300d20148b0b4d02e866a468b1f5cd3ad565900cdcea59ba363ddbdd13935","Content-Length":"33","Content-Type":"application/vnd.manch.v1+json","User-Agent":"axios/1.4.0","request-id":"1688361907553"},"maxBodyLength":-1,"maxContentLength":-1,"method":"patch","timeout":0,"transformRequest":[null],"transformResponse":[null],"transitional":{"clarifyTimeoutError":false,"forcedJSONParsing":true,"silentJSONParsing":true},"url":"https://giftsmiles-uat.woohoo.in/app/api/fill-data/transaction/6289","xsrfCookieName":"XSRF-TOKEN","xsrfHeaderName":"X-XSRF-TOKEN"},"message":"Request failed with status code 400","name":"AxiosError","stack":"AxiosError: Request failed with status code 400\n    at settle (file:///D:/QC-APP/node_modules/axios/lib/core/settle.js:19:12)\n    at IncomingMessage.handleStreamEnd (file:///D:/QC-APP/node_modules/axios/lib/adapters/http.js:570:11)\n    at IncomingMessage.emit (node:events:525:35)\n    at endReadableNT (node:internal/streams/readable:1359:12)\n    at process.processTicksAndRejections (node:internal/process/task_queues:82:21)","status":400},"timestamp":"2023-07-03T05:25:07.896Z"}
{"level":"info","message":{},"timestamp":"2023-07-03T05:25:07.896Z"}
{"level":"info","message":"kyc transaction requested for","timestamp":"2023-07-03T05:25:08.661Z"}
{"level":"info","message":"dispatch api called for","timestamp":"2023-07-03T05:25:09.883Z"}
{"level":"info","message":{"code":"ERR_BAD_REQUEST","config":{"adapter":["xhr","http"],"data":"{\"action\":\"SENT_TO_SECOND_PARTY\"}","env":{},"headers":{"Accept":"application/json, text/plain, */*","Accept-Encoding":"gzip, compress, deflate, br","Authorization":"HS256 TST00001:7a6c580dda7f0ee030f4ccb2d5f6866f3eeac440a1da89f093813fac4c1d958e","Content-Length":"33","Content-Type":"application/vnd.manch.v1+json","User-Agent":"axios/1.4.0","request-id":"1688361909882"},"maxBodyLength":-1,"maxContentLength":-1,"method":"patch","timeout":0,"transformRequest":[null],"transformResponse":[null],"transitional":{"clarifyTimeoutError":false,"forcedJSONParsing":true,"silentJSONParsing":true},"url":"https://giftsmiles-uat.woohoo.in/app/api/fill-data/transaction/6290","xsrfCookieName":"XSRF-TOKEN","xsrfHeaderName":"X-XSRF-TOKEN"},"message":"Request failed with status code 400","name":"AxiosError","stack":"AxiosError: Request failed with status code 400\n    at settle (file:///D:/QC-APP/node_modules/axios/lib/core/settle.js:19:12)\n    at IncomingMessage.handleStreamEnd (file:///D:/QC-APP/node_modules/axios/lib/adapters/http.js:570:11)\n    at IncomingMessage.emit (node:events:525:35)\n    at endReadableNT (node:internal/streams/readable:1359:12)\n    at process.processTicksAndRejections (node:internal/process/task_queues:82:21)","status":400},"timestamp":"2023-07-03T05:25:10.287Z"}
{"level":"info","message":{},"timestamp":"2023-07-03T05:25:10.301Z"}
{"level":"info","message":"kyc transaction requested for","timestamp":"2023-07-03T05:25:23.764Z"}
{"level":"info","message":"dispatch api called for","timestamp":"2023-07-03T05:25:24.956Z"}
{"level":"info","message":{"code":"ERR_BAD_REQUEST","config":{"adapter":["xhr","http"],"data":"{\"action\":\"SENT_TO_SECOND_PARTY\"}","env":{},"headers":{"Accept":"application/json, text/plain, */*","Accept-Encoding":"gzip, compress, deflate, br","Authorization":"HS256 TST00001:f6cad657a90c593f4409f5a554857451f1d2a3981ddec27dfceac0d0ec689157","Content-Length":"33","Content-Type":"application/vnd.manch.v1+json","User-Agent":"axios/1.4.0","request-id":"1688361924955"},"maxBodyLength":-1,"maxContentLength":-1,"method":"patch","timeout":0,"transformRequest":[null],"transformResponse":[null],"transitional":{"clarifyTimeoutError":false,"forcedJSONParsing":true,"silentJSONParsing":true},"url":"https://giftsmiles-uat.woohoo.in/app/api/fill-data/transaction/6291","xsrfCookieName":"XSRF-TOKEN","xsrfHeaderName":"X-XSRF-TOKEN"},"message":"Request failed with status code 400","name":"AxiosError","stack":"AxiosError: Request failed with status code 400\n    at settle (file:///D:/QC-APP/node_modules/axios/lib/core/settle.js:19:12)\n    at IncomingMessage.handleStreamEnd (file:///D:/QC-APP/node_modules/axios/lib/adapters/http.js:570:11)\n    at IncomingMessage.emit (node:events:525:35)\n    at endReadableNT (node:internal/streams/readable:1359:12)\n    at process.processTicksAndRejections (node:internal/process/task_queues:82:21)","status":400},"timestamp":"2023-07-03T05:25:25.318Z"}
{"level":"info","message":{},"timestamp":"2023-07-03T05:25:25.329Z"}
{"level":"info","message":"server is running at 8000","timestamp":"2023-07-03T05:29:04.756Z"}
{"level":"info","message":"server is running at 8000","timestamp":"2023-07-03T05:29:09.556Z"}
{"level":"info","message":"server is running at 8000","timestamp":"2023-07-03T05:29:16.327Z"}
{"level":"info","message":"server is running at 8000","timestamp":"2023-07-03T05:29:27.626Z"}
{"level":"info","message":"server is running at 8000","timestamp":"2023-07-03T05:29:29.526Z"}
{"level":"info","message":"server is running at 8000","timestamp":"2023-07-03T05:29:41.710Z"}
{"level":"info","message":"server is running at 8000","timestamp":"2023-07-03T05:31:13.017Z"}
{"level":"info","message":"server is running at 8000","timestamp":"2023-07-03T05:31:24.737Z"}
{"level":"info","message":"server is running at 8000","timestamp":"2023-07-03T05:54:34.496Z"}
{"level":"info","message":"server is running at 8000","timestamp":"2023-07-03T05:54:47.789Z"}
{"level":"info","message":"server is running at 8000","timestamp":"2023-07-03T05:54:59.277Z"}
{"level":"info","message":"server is running at 8000","timestamp":"2023-07-03T05:55:08.252Z"}
{"level":"info","message":"server is running at 8000","timestamp":"2023-07-03T05:56:22.737Z"}
{"level":"info","message":"server is running at 8000","timestamp":"2023-07-03T05:57:32.657Z"}
{"level":"info","message":"server is running at 8000","timestamp":"2023-07-03T05:57:36.141Z"}
{"level":"info","message":"server is running at 8000","timestamp":"2023-07-03T05:57:37.393Z"}
{"level":"info","message":"server is running at 8000","timestamp":"2023-07-03T05:57:38.983Z"}
{"level":"info","message":"server is running at 8000","timestamp":"2023-07-03T05:57:47.675Z"}
{"level":"info","message":"server is running at 8000","timestamp":"2023-07-03T05:57:50.123Z"}
{"level":"info","message":"server is running at 8000","timestamp":"2023-07-03T05:57:55.382Z"}
{"level":"info","message":"server is running at 8000","timestamp":"2023-07-03T05:57:58.847Z"}
{"level":"info","message":"server is running at 8000","timestamp":"2023-07-03T05:58:18.032Z"}
{"level":"info","message":"server is running at 8000","timestamp":"2023-07-03T05:58:19.724Z"}
{"level":"info","message":"server is running at 8000","timestamp":"2023-07-03T05:58:40.636Z"}
{"level":"info","message":"server is running at 8000","timestamp":"2023-07-03T05:58:43.066Z"}
{"level":"info","message":"server is running at 8000","timestamp":"2023-07-03T05:58:44.696Z"}
{"level":"info","message":"server is running at 8000","timestamp":"2023-07-03T05:58:47.110Z"}
{"level":"info","message":"server is running at 8000","timestamp":"2023-07-03T05:59:30.360Z"}
{"level":"info","message":"server is running at 8000","timestamp":"2023-07-03T05:59:49.979Z"}
{"level":"info","message":"server is running at 8000","timestamp":"2023-07-03T05:59:55.193Z"}
{"level":"info","message":"server is running at 8000","timestamp":"2023-07-03T05:59:57.309Z"}
{"level":"info","message":"server is running at 8000","timestamp":"2023-07-03T05:59:59.449Z"}
{"level":"info","message":"server is running at 8000","timestamp":"2023-07-03T06:00:01.156Z"}
{"level":"info","message":"server is running at 8000","timestamp":"2023-07-03T06:00:30.486Z"}
{"level":"info","message":"server is running at 8000","timestamp":"2023-07-03T06:00:50.451Z"}
{"level":"info","message":"server is running at 8000","timestamp":"2023-07-03T06:00:56.823Z"}
{"level":"info","message":"server is running at 8000","timestamp":"2023-07-03T06:01:00.109Z"}
{"level":"info","message":"server is running at 8000","timestamp":"2023-07-03T06:01:20.528Z"}
{"level":"info","message":"server is running at 8000","timestamp":"2023-07-03T06:01:35.623Z"}
{"level":"info","message":"server is running at 8000","timestamp":"2023-07-03T06:01:38.265Z"}
{"level":"info","message":"server is running at 8000","timestamp":"2023-07-03T06:02:00.806Z"}
{"level":"info","message":"server is running at 8000","timestamp":"2023-07-03T06:02:19.891Z"}
{"level":"info","message":"server is running at 8000","timestamp":"2023-07-03T06:02:23.052Z"}
{"level":"info","message":"server is running at 8000","timestamp":"2023-07-03T06:02:37.869Z"}
{"level":"info","message":"server is running at 8000","timestamp":"2023-07-03T06:02:42.939Z"}
{"level":"info","message":"server is running at 8000","timestamp":"2023-07-03T06:02:54.041Z"}
{"level":"info","message":"server is running at 8000","timestamp":"2023-07-03T06:02:55.926Z"}
{"level":"info","message":"server is running at 8000","timestamp":"2023-07-03T06:03:00.929Z"}
{"level":"info","message":"server is running at 8000","timestamp":"2023-07-03T06:03:10.751Z"}
{"level":"info","message":"server is running at 8000","timestamp":"2023-07-03T06:03:14.269Z"}
{"level":"info","message":"server is running at 8000","timestamp":"2023-07-03T06:03:15.491Z"}
{"level":"info","message":"server is running at 8000","timestamp":"2023-07-03T06:03:17.119Z"}
{"level":"info","message":"server is running at 8000","timestamp":"2023-07-03T06:03:56.270Z"}
{"level":"info","message":"server is running at 8000","timestamp":"2023-07-03T06:04:13.334Z"}
{"level":"info","message":"server is running at 8000","timestamp":"2023-07-03T06:05:30.562Z"}
{"level":"info","message":"server is running at 8000","timestamp":"2023-07-03T06:06:01.133Z"}
{"level":"info","message":"server is running at 8000","timestamp":"2023-07-03T06:06:17.043Z"}
{"level":"info","message":"server is running at 8000","timestamp":"2023-07-03T06:06:30.798Z"}
{"level":"info","message":"server is running at 8000","timestamp":"2023-07-03T06:06:44.759Z"}
{"level":"info","message":"server is running at 8000","timestamp":"2023-07-03T06:06:54.455Z"}
{"level":"info","message":"server is running at 8000","timestamp":"2023-07-03T06:06:58.561Z"}
{"level":"info","message":"server is running at 8000","timestamp":"2023-07-03T06:07:11.049Z"}
{"level":"info","message":"server is running at 8000","timestamp":"2023-07-03T06:07:12.860Z"}
{"level":"info","message":"server is running at 8000","timestamp":"2023-07-03T06:14:48.772Z"}
{"level":"info","message":"server is running at 8000","timestamp":"2023-07-03T06:15:14.017Z"}
{"level":"info","message":"server is running at 8000","timestamp":"2023-07-03T06:15:43.440Z"}
{"level":"info","message":"server is running at 8000","timestamp":"2023-07-03T06:16:06.952Z"}
{"level":"info","message":"server is running at 8000","timestamp":"2023-07-03T06:18:26.028Z"}
{"level":"info","message":"server is running at 8000","timestamp":"2023-07-03T06:19:08.224Z"}
{"level":"info","message":"server is running at 8000","timestamp":"2023-07-03T06:19:36.732Z"}
{"level":"info","message":"server is running at 8000","timestamp":"2023-07-03T06:19:38.799Z"}
{"level":"info","message":"server is running at 8000","timestamp":"2023-07-03T06:23:19.748Z"}
{"level":"info","message":"server is running at 8000","timestamp":"2023-07-03T06:23:44.973Z"}
{"level":"info","message":"server is running at 8000","timestamp":"2023-07-03T06:27:13.680Z"}
{"level":"info","message":"server is running at 8000","timestamp":"2023-07-03T06:27:14.913Z"}
{"level":"info","message":"server is running at 8000","timestamp":"2023-07-03T06:27:21.418Z"}
{"level":"info","message":"server is running at 8000","timestamp":"2023-07-03T06:27:22.523Z"}
{"level":"info","message":"server is running at 8000","timestamp":"2023-07-03T06:27:28.287Z"}
{"level":"info","message":"server is running at 8000","timestamp":"2023-07-03T06:27:30.668Z"}
{"level":"info","message":"server is running at 8000","timestamp":"2023-07-03T06:39:57.728Z"}
{"level":"info","message":"server is running at 8000","timestamp":"2023-07-03T08:33:35.378Z"}
{"level":"info","message":"server is running at 8000","timestamp":"2023-07-03T08:33:37.826Z"}
{"level":"info","message":"server is running at 8000","timestamp":"2023-07-03T08:33:39.983Z"}
{"level":"info","message":"server is running at 8000","timestamp":"2023-07-03T08:33:42.643Z"}
{"level":"info","message":"server is running at 8000","timestamp":"2023-07-03T08:33:44.882Z"}
{"level":"info","message":"server is running at 8000","timestamp":"2023-07-03T08:33:47.328Z"}
{"level":"info","message":"server is running at 8000","timestamp":"2023-07-03T09:28:11.706Z"}
{"level":"info","message":"server is running at 8000","timestamp":"2023-07-03T09:29:04.356Z"}
{"level":"info","message":"server is running at 8000","timestamp":"2023-07-03T09:29:13.328Z"}
{"level":"info","message":"server is running at 8000","timestamp":"2023-07-03T09:30:25.036Z"}
{"level":"info","message":"server is running at 8000","timestamp":"2023-07-03T09:30:26.909Z"}
{"level":"info","message":"server is running at 8000","timestamp":"2023-07-03T09:51:01.032Z"}
{"level":"info","message":"server is running at 8000","timestamp":"2023-07-03T09:51:20.484Z"}
{"level":"info","message":"server is running at 8000","timestamp":"2023-07-03T09:51:24.616Z"}
{"level":"info","message":"server is running at 8000","timestamp":"2023-07-03T09:51:30.970Z"}
{"level":"info","message":"server is running at 8000","timestamp":"2023-07-03T09:51:35.902Z"}
{"level":"info","message":"server is running at 8000","timestamp":"2023-07-03T10:27:03.411Z"}
{"level":"info","message":"server is running at 8000","timestamp":"2023-07-03T10:27:15.572Z"}
{"level":"info","message":"server is running at 8000","timestamp":"2023-07-03T10:55:15.282Z"}
{"level":"info","message":"server is running at 8000","timestamp":"2023-07-03T10:56:56.278Z"}
{"level":"info","message":"server is running at 8000","timestamp":"2023-07-03T10:56:59.008Z"}
{"level":"info","message":"server is running at 8000","timestamp":"2023-07-03T10:57:04.036Z"}
{"level":"info","message":"server is running at 8000","timestamp":"2023-07-03T10:57:05.991Z"}
{"level":"info","message":"server is running at 8000","timestamp":"2023-07-03T10:57:21.861Z"}
{"level":"info","message":"server is running at 8000","timestamp":"2023-07-03T10:57:24.427Z"}
{"level":"info","message":"server is running at 8000","timestamp":"2023-07-03T10:57:28.735Z"}
{"level":"info","message":"server is running at 8000","timestamp":"2023-07-03T10:57:30.636Z"}
{"level":"info","message":"server is running at 8000","timestamp":"2023-07-03T10:57:32.424Z"}
{"level":"info","message":"server is running at 8000","timestamp":"2023-07-03T10:57:41.151Z"}
{"level":"info","message":"server is running at 8000","timestamp":"2023-07-03T11:00:59.119Z"}
{"level":"info","message":"server is running at 8000","timestamp":"2023-07-03T11:01:00.962Z"}
{"level":"info","message":"server is running at 8000","timestamp":"2023-07-03T11:01:18.031Z"}
{"level":"info","message":"server is running at 8000","timestamp":"2023-07-03T11:01:41.512Z"}
{"level":"info","message":"server is running at 8000","timestamp":"2023-07-03T11:01:48.743Z"}
{"level":"info","message":"server is running at 8000","timestamp":"2023-07-03T11:07:41.645Z"}
{"level":"info","message":"server is running at 8000","timestamp":"2023-07-03T11:12:19.877Z"}
{"level":"info","message":"server is running at 8000","timestamp":"2023-07-03T11:12:33.831Z"}
{"level":"info","message":"server is running at 8000","timestamp":"2023-07-03T11:12:42.379Z"}
{"level":"info","message":"server is running at 8000","timestamp":"2023-07-03T11:15:09.812Z"}
{"level":"info","message":"server is running at 8000","timestamp":"2023-07-03T11:15:11.335Z"}
{"level":"info","message":"server is running at 8000","timestamp":"2023-07-03T11:21:27.177Z"}
{"level":"info","message":"server is running at 8000","timestamp":"2023-07-03T11:21:36.028Z"}
{"level":"info","message":"server is running at 8000","timestamp":"2023-07-03T11:21:38.455Z"}
{"level":"info","message":"server is running at 8000","timestamp":"2023-07-03T11:21:56.378Z"}
{"level":"info","message":"server is running at 8000","timestamp":"2023-07-03T11:22:04.251Z"}
{"level":"info","message":"server is running at 8000","timestamp":"2023-07-03T11:22:13.734Z"}
{"level":"info","message":"server is running at 8000","timestamp":"2023-07-03T11:22:21.564Z"}
{"level":"info","message":"server is running at 8000","timestamp":"2023-07-03T11:22:26.459Z"}
{"level":"info","message":"server is running at 8000","timestamp":"2023-07-03T11:22:28.175Z"}
{"level":"info","message":"server is running at 8000","timestamp":"2023-07-03T11:22:30.961Z"}
{"level":"info","message":"server is running at 8000","timestamp":"2023-07-03T11:22:34.453Z"}
{"level":"info","message":"server is running at 8000","timestamp":"2023-07-03T11:22:36.062Z"}
{"level":"info","message":"server is running at 8000","timestamp":"2023-07-03T11:22:45.817Z"}
{"level":"info","message":"server is running at 8000","timestamp":"2023-07-03T11:22:48.887Z"}
{"level":"info","message":"server is running at 8000","timestamp":"2023-07-03T11:22:51.125Z"}
{"level":"info","message":"server is running at 8000","timestamp":"2023-07-03T11:23:16.455Z"}
{"level":"info","message":"server is running at 8000","timestamp":"2023-07-03T11:23:18.089Z"}
{"level":"info","message":"server is running at 8000","timestamp":"2023-07-03T11:23:26.872Z"}
{"level":"info","message":"server is running at 8000","timestamp":"2023-07-03T11:23:32.414Z"}
{"level":"info","message":"server is running at 8000","timestamp":"2023-07-03T11:23:38.947Z"}
{"level":"info","message":"server is running at 8000","timestamp":"2023-07-03T11:23:42.553Z"}
{"level":"info","message":"server is running at 8000","timestamp":"2023-07-03T11:23:50.781Z"}
{"level":"info","message":"server is running at 8000","timestamp":"2023-07-03T11:24:47.434Z"}
{"level":"info","message":"server is running at 8000","timestamp":"2023-07-03T11:25:09.104Z"}
{"level":"info","message":"server is running at 8000","timestamp":"2023-07-03T11:25:11.264Z"}
{"level":"info","message":"server is running at 8000","timestamp":"2023-07-03T11:25:16.799Z"}
{"level":"info","message":"server is running at 8000","timestamp":"2023-07-03T11:25:19.296Z"}
{"level":"info","message":"server is running at 8000","timestamp":"2023-07-03T11:25:20.956Z"}
{"level":"info","message":"server is running at 8000","timestamp":"2023-07-03T11:25:46.331Z"}
{"level":"info","message":"server is running at 8000","timestamp":"2023-07-03T11:25:51.588Z"}
{"level":"info","message":"server is running at 8000","timestamp":"2023-07-03T11:25:53.676Z"}
{"level":"info","message":"server is running at 8000","timestamp":"2023-07-03T11:25:59.503Z"}
{"level":"info","message":"server is running at 8000","timestamp":"2023-07-03T11:26:42.545Z"}
{"level":"info","message":"kyc transaction requested for","timestamp":"2023-07-03T11:27:59.219Z"}
{"level":"info","message":{"code":"ERR_BAD_REQUEST","config":{"adapter":["xhr","http"],"data":"{\"companyKey\":\"TST00001\",\"templateKey\":\"TMPTS00054\",\"expiresInDays\":\"30\",\"createdForEmail\":\"abhinand+qcuat1@manchtech.com\",\"createdByEmail\":\"abhinand+csupport@manchtech.com\",\"title\":\"e-KYC process\",\"message\":\"Please fill the details and submit\",\"secondPartyDetails\":{\"name\":\"mmtteststore8\",\"email\":\"hi@marmeto.com\"}}","env":{},"headers":{"Accept":"application/json, text/plain, */*","Accept-Encoding":"gzip, compress, deflate, br","Authorization":"HS256 TST00001:6d45e9c72b73d082ea9913675cb311babce2688c84936bb26dec2a71b004654f","Content-Length":"316","Content-Type":"application/vnd.manch.v1+json","User-Agent":"axios/1.4.0","request-id":"1688383679219"},"maxBodyLength":-1,"maxContentLength":-1,"method":"post","timeout":0,"transformRequest":[null],"transformResponse":[null],"transitional":{"clarifyTimeoutError":false,"forcedJSONParsing":true,"silentJSONParsing":true},"url":"https://giftsmiles-uat.woohoo.in/app/api/fill-data/transaction","xsrfCookieName":"XSRF-TOKEN","xsrfHeaderName":"X-XSRF-TOKEN"},"message":"Request failed with status code 400","name":"AxiosError","stack":"AxiosError: Request failed with status code 400\n    at settle (file:///D:/QC-APP/node_modules/axios/lib/core/settle.js:19:12)\n    at IncomingMessage.handleStreamEnd (file:///D:/QC-APP/node_modules/axios/lib/adapters/http.js:570:11)\n    at IncomingMessage.emit (node:events:525:35)\n    at endReadableNT (node:internal/streams/readable:1359:12)\n    at process.processTicksAndRejections (node:internal/process/task_queues:82:21)","status":400},"timestamp":"2023-07-03T11:27:59.568Z"}
{"level":"info","message":"server is running at 8000","timestamp":"2023-07-03T11:28:44.308Z"}
{"level":"info","message":"server is running at 8000","timestamp":"2023-07-03T11:28:48.085Z"}
{"level":"info","message":"kyc transaction requested for","timestamp":"2023-07-03T11:28:48.798Z"}
{"level":"info","message":{"code":"ERR_BAD_REQUEST","config":{"adapter":["xhr","http"],"data":"{\"companyKey\":\"TST00001\",\"templateKey\":\"TMPTS00054\",\"expiresInDays\":\"30\",\"createdForEmail\":\"abhinand+qcuat1@manchtech.com\",\"createdByEmail\":\"abhinand+csupport@manchtech.com\",\"title\":\"e-KYC process\",\"message\":\"Please fill the details and submit\",\"secondPartyDetails\":{\"name\":\"mmtteststore8\",\"email\":\"hi@marmeto.com\"}}","env":{},"headers":{"Accept":"application/json, text/plain, */*","Accept-Encoding":"gzip, compress, deflate, br","Authorization":"HS256 TST00001:06ac35ae44f621fdab67a357a35d523c380b4b064ef1bd62bd727e2513987716","Content-Length":"316","Content-Type":"application/vnd.manch.v1+json","User-Agent":"axios/1.4.0","request-id":"1688383728797"},"maxBodyLength":-1,"maxContentLength":-1,"method":"post","timeout":0,"transformRequest":[null],"transformResponse":[null],"transitional":{"clarifyTimeoutError":false,"forcedJSONParsing":true,"silentJSONParsing":true},"url":"https://giftsmiles-uat.woohoo.in/app/api/fill-data/transaction","xsrfCookieName":"XSRF-TOKEN","xsrfHeaderName":"X-XSRF-TOKEN"},"message":"Request failed with status code 400","name":"AxiosError","stack":"AxiosError: Request failed with status code 400\n    at settle (file:///D:/QC-APP/node_modules/axios/lib/core/settle.js:19:12)\n    at IncomingMessage.handleStreamEnd (file:///D:/QC-APP/node_modules/axios/lib/adapters/http.js:570:11)\n    at IncomingMessage.emit (node:events:525:35)\n    at endReadableNT (node:internal/streams/readable:1359:12)\n    at process.processTicksAndRejections (node:internal/process/task_queues:82:21)","status":400},"timestamp":"2023-07-03T11:28:49.171Z"}
{"level":"info","message":"server is running at 8000","timestamp":"2023-07-03T11:29:10.192Z"}
{"level":"info","message":"server is running at 8000","timestamp":"2023-07-03T11:29:20.252Z"}
{"level":"info","message":"server is running at 8000","timestamp":"2023-07-03T11:29:25.632Z"}
{"level":"info","message":"server is running at 8000","timestamp":"2023-07-03T11:29:27.702Z"}
{"level":"info","message":"server is running at 8000","timestamp":"2023-07-03T11:29:44.977Z"}
{"level":"info","message":"server is running at 8000","timestamp":"2023-07-03T11:29:58.193Z"}
{"level":"info","message":"server is running at 8000","timestamp":"2023-07-03T11:56:04.302Z"}
{"level":"info","message":"kyc transaction requested for","timestamp":"2023-07-03T11:59:48.179Z"}
{"level":"info","message":{"code":"ERR_BAD_REQUEST","config":{"adapter":["xhr","http"],"data":"{\"companyKey\":\"TST00001\",\"templateKey\":\"TMPTS00054\",\"expiresInDays\":\"30\",\"createdForEmail\":\"abhinand+qcuat1@manchtech.com\",\"createdByEmail\":\"abhinand+csupport@manchtech.com\",\"title\":\"e-KYC process\",\"message\":\"Please fill the details and submit\",\"secondPartyDetails\":{\"name\":\"mmtteststore8\",\"email\":\"hi@marmeto.com\"}}","env":{},"headers":{"Accept":"application/json, text/plain, */*","Accept-Encoding":"gzip, compress, deflate, br","Authorization":"HS256 TST00001:c72a28900fc8e5db0a57d80c08e32f4d69d3d0068abac1fb348e1a2dfbb97e63","Content-Length":"316","Content-Type":"application/vnd.manch.v1+json","User-Agent":"axios/1.4.0","request-id":"1688385588179"},"maxBodyLength":-1,"maxContentLength":-1,"method":"post","timeout":0,"transformRequest":[null],"transformResponse":[null],"transitional":{"clarifyTimeoutError":false,"forcedJSONParsing":true,"silentJSONParsing":true},"url":"https://giftsmiles-uat.woohoo.in/app/api/fill-data/transaction","xsrfCookieName":"XSRF-TOKEN","xsrfHeaderName":"X-XSRF-TOKEN"},"message":"Request failed with status code 400","name":"AxiosError","stack":"AxiosError: Request failed with status code 400\n    at settle (file:///D:/QC-APP/node_modules/axios/lib/core/settle.js:19:12)\n    at IncomingMessage.handleStreamEnd (file:///D:/QC-APP/node_modules/axios/lib/adapters/http.js:570:11)\n    at IncomingMessage.emit (node:events:525:35)\n    at endReadableNT (node:internal/streams/readable:1359:12)\n    at process.processTicksAndRejections (node:internal/process/task_queues:82:21)","status":400},"timestamp":"2023-07-03T11:59:48.561Z"}
{"level":"info","message":"server is running at 8000","timestamp":"2023-07-03T13:27:55.674Z"}
{"level":"info","message":"server is running at 8000","timestamp":"2023-07-03T13:28:02.373Z"}
{"level":"info","message":"server is running at 8000","timestamp":"2023-07-03T13:34:17.407Z"}
{"level":"info","message":"server is running at 8000","timestamp":"2023-07-03T13:34:21.608Z"}
{"level":"info","message":"server is running at 8000","timestamp":"2023-07-03T18:12:41.754Z"}
{"level":"info","message":"server is running at 8000","timestamp":"2023-07-03T18:12:48.916Z"}
{"level":"info","message":"kyc transaction requested for","timestamp":"2023-07-03T18:13:12.001Z"}
{"level":"info","message":{"code":"ERR_BAD_REQUEST","config":{"adapter":["xhr","http"],"data":"{\"companyKey\":\"TST00001\",\"templateKey\":\"TMPTS00054\",\"expiresInDays\":\"30\",\"createdForEmail\":\"abhinand+qcuat1@manchtech.com\",\"createdByEmail\":\"abhinand+csupport@manchtech.com\",\"title\":\"e-KYC process\",\"message\":\"Please fill the details and submit\",\"secondPartyDetails\":{\"name\":\"mmtteststore8\",\"email\":\"hi@marmeto.com\"}}","env":{},"headers":{"Accept":"application/json, text/plain, */*","Accept-Encoding":"gzip, compress, deflate, br","Authorization":"HS256 TST00001:7c062b10211c8c5fd3618a306c9f7aa9e6e8edfe8fb22afeb1bcaa460610314c","Content-Length":"316","Content-Type":"application/vnd.manch.v1+json","User-Agent":"axios/1.4.0","request-id":"1688407992001"},"maxBodyLength":-1,"maxContentLength":-1,"method":"post","timeout":0,"transformRequest":[null],"transformResponse":[null],"transitional":{"clarifyTimeoutError":false,"forcedJSONParsing":true,"silentJSONParsing":true},"url":"https://giftsmiles-uat.woohoo.in/app/api/fill-data/transaction","xsrfCookieName":"XSRF-TOKEN","xsrfHeaderName":"X-XSRF-TOKEN"},"message":"Request failed with status code 400","name":"AxiosError","stack":"AxiosError: Request failed with status code 400\n    at settle (file:///D:/QC-APP/node_modules/axios/lib/core/settle.js:19:12)\n    at IncomingMessage.handleStreamEnd (file:///D:/QC-APP/node_modules/axios/lib/adapters/http.js:570:11)\n    at IncomingMessage.emit (node:events:525:35)\n    at endReadableNT (node:internal/streams/readable:1359:12)\n    at process.processTicksAndRejections (node:internal/process/task_queues:82:21)","status":400},"timestamp":"2023-07-03T18:13:12.659Z"}
{"level":"info","message":"server is running at 8000","timestamp":"2023-07-03T18:14:41.054Z"}
{"level":"info","message":"kyc transaction requested for","timestamp":"2023-07-03T18:14:53.722Z"}
{"level":"info","message":{"code":"ENOTFOUND","config":{"adapter":["xhr","http"],"data":"{\"companyKey\":\"TST00001\",\"templateKey\":\"TMPTS00054\",\"expiresInDays\":\"30\",\"createdForEmail\":\"abhinand+qcuat1@manchtech.com\",\"createdByEmail\":\"abhinand+csupport@manchtech.com\",\"title\":\"e-KYC process\",\"message\":\"Please fill the details and submit\",\"secondPartyDetails\":{\"name\":\"mmtteststore8\",\"email\":\"hi@marmeto.com\"}}","env":{},"headers":{"Accept":"application/json, text/plain, */*","Accept-Encoding":"gzip, compress, deflate, br","Authorization":"HS256 TST00001:57c1d34a0b8c28ad00c285c7f0ebbeee15e377e8f37531eb1c837855d8d6ccf7","Content-Length":"316","Content-Type":"application/vnd.manch.v1+json","User-Agent":"axios/1.4.0","request-id":"1688408093721"},"maxBodyLength":-1,"maxContentLength":-1,"method":"post","timeout":0,"transformRequest":[null],"transformResponse":[null],"transitional":{"clarifyTimeoutError":false,"forcedJSONParsing":true,"silentJSONParsing":true},"url":"https://giftsmiles-uat.woohoo.in/app/api/fill-data/transaction","xsrfCookieName":"XSRF-TOKEN","xsrfHeaderName":"X-XSRF-TOKEN"},"message":"getaddrinfo ENOTFOUND giftsmiles-uat.woohoo.in","name":"Error","stack":"Error: getaddrinfo ENOTFOUND giftsmiles-uat.woohoo.in\n    at AxiosError.from (file:///D:/QC-APP/node_modules/axios/lib/core/AxiosError.js:89:14)\n    at RedirectableRequest.handleRequestError (file:///D:/QC-APP/node_modules/axios/lib/adapters/http.js:591:25)\n    at RedirectableRequest.emit (node:events:513:28)\n    at eventHandlers.<computed> (D:\\QC-APP\\node_modules\\follow-redirects\\index.js:14:24)\n    at ClientRequest.emit (node:events:513:28)\n    at TLSSocket.socketErrorListener (node:_http_client:494:9)\n    at TLSSocket.emit (node:events:513:28)\n    at emitErrorNT (node:internal/streams/destroy:151:8)\n    at emitErrorCloseNT (node:internal/streams/destroy:116:3)\n    at process.processTicksAndRejections (node:internal/process/task_queues:82:21)","status":null},"timestamp":"2023-07-03T18:14:53.811Z"}
{"level":"info","message":"kyc transaction requested for","timestamp":"2023-07-03T18:23:16.636Z"}
{"level":"info","message":{"code":"ERR_BAD_REQUEST","config":{"adapter":["xhr","http"],"data":"{\"companyKey\":\"TST00001\",\"templateKey\":\"TMPTS00054\",\"expiresInDays\":\"30\",\"createdForEmail\":\"abhinand+qcuat1@manchtech.com\",\"createdByEmail\":\"abhinand+csupport@manchtech.com\",\"title\":\"e-KYC process\",\"message\":\"Please fill the details and submit\",\"secondPartyDetails\":{\"name\":\"mmtteststore8\",\"email\":\"hi@marmeto.com\"}}","env":{},"headers":{"Accept":"application/json, text/plain, */*","Accept-Encoding":"gzip, compress, deflate, br","Authorization":"HS256 TST00001:93ab45daaac53e7249447092f772b7b8af48747d33a97bacf1b54c36dba9ab06","Content-Length":"316","Content-Type":"application/vnd.manch.v1+json","User-Agent":"axios/1.4.0","request-id":"1688408596636"},"maxBodyLength":-1,"maxContentLength":-1,"method":"post","timeout":0,"transformRequest":[null],"transformResponse":[null],"transitional":{"clarifyTimeoutError":false,"forcedJSONParsing":true,"silentJSONParsing":true},"url":"https://giftsmiles-uat.woohoo.in/app/api/fill-data/transaction","xsrfCookieName":"XSRF-TOKEN","xsrfHeaderName":"X-XSRF-TOKEN"},"message":"Request failed with status code 400","name":"AxiosError","stack":"AxiosError: Request failed with status code 400\n    at settle (file:///D:/QC-APP/node_modules/axios/lib/core/settle.js:19:12)\n    at IncomingMessage.handleStreamEnd (file:///D:/QC-APP/node_modules/axios/lib/adapters/http.js:570:11)\n    at IncomingMessage.emit (node:events:525:35)\n    at endReadableNT (node:internal/streams/readable:1359:12)\n    at process.processTicksAndRejections (node:internal/process/task_queues:82:21)","status":400},"timestamp":"2023-07-03T18:23:17.075Z"}
{"level":"info","message":"server is running at 8000","timestamp":"2023-07-03T18:24:18.960Z"}
{"level":"info","message":"server is running at 8000","timestamp":"2023-07-03T18:24:24.792Z"}
{"level":"info","message":"kyc transaction requested for","timestamp":"2023-07-03T18:24:40.016Z"}
{"level":"info","message":"dispatch api called for","timestamp":"2023-07-03T18:24:41.030Z"}
{"level":"info","message":{"code":"ERR_BAD_REQUEST","config":{"adapter":["xhr","http"],"data":"{\"action\":\"SENT_TO_SECOND_PARTY\"}","env":{},"headers":{"Accept":"application/json, text/plain, */*","Accept-Encoding":"gzip, compress, deflate, br","Authorization":"HS256 TST00001:b7cf50b3bbd0d965f134bc7d04072854c5087835c25145d2e83b414cd78171c7","Content-Length":"33","Content-Type":"application/vnd.manch.v1+json","User-Agent":"axios/1.4.0","request-id":"1688408681030"},"maxBodyLength":-1,"maxContentLength":-1,"method":"patch","timeout":0,"transformRequest":[null],"transformResponse":[null],"transitional":{"clarifyTimeoutError":false,"forcedJSONParsing":true,"silentJSONParsing":true},"url":"https://giftsmiles-uat.woohoo.in/app/api/fill-data/transaction/6297","xsrfCookieName":"XSRF-TOKEN","xsrfHeaderName":"X-XSRF-TOKEN"},"message":"Request failed with status code 400","name":"AxiosError","stack":"AxiosError: Request failed with status code 400\n    at settle (file:///D:/QC-APP/node_modules/axios/lib/core/settle.js:19:12)\n    at IncomingMessage.handleStreamEnd (file:///D:/QC-APP/node_modules/axios/lib/adapters/http.js:570:11)\n    at IncomingMessage.emit (node:events:525:35)\n    at endReadableNT (node:internal/streams/readable:1359:12)\n    at process.processTicksAndRejections (node:internal/process/task_queues:82:21)","status":400},"timestamp":"2023-07-03T18:24:41.462Z"}
{"level":"info","message":{},"timestamp":"2023-07-03T18:24:41.464Z"}
{"level":"info","message":"server is running at 8000","timestamp":"2023-07-03T18:25:50.565Z"}
{"level":"info","message":"server is running at 8000","timestamp":"2023-07-03T18:25:54.513Z"}
{"level":"info","message":"server is running at 8000","timestamp":"2023-07-03T18:25:58.595Z"}
{"level":"info","message":"server is running at 8000","timestamp":"2023-07-03T18:26:00.943Z"}
{"level":"info","message":"server is running at 8000","timestamp":"2023-07-03T18:26:04.336Z"}
{"level":"info","message":"kyc transaction requested for","timestamp":"2023-07-03T18:26:13.925Z"}
{"level":"info","message":"dispatch api called for","timestamp":"2023-07-03T18:26:15.364Z"}
{"level":"info","message":"server is running at 8000","timestamp":"2023-07-03T18:27:13.526Z"}
{"level":"info","message":"server is running at 8000","timestamp":"2023-07-03T19:35:49.252Z"}
{"level":"info","message":"server is running at 8000","timestamp":"2023-07-03T19:48:29.515Z"}
{"level":"info","message":"server is running at 8000","timestamp":"2023-07-03T19:48:32.658Z"}
{"level":"info","message":"server is running at 8000","timestamp":"2023-07-03T19:48:34.351Z"}
{"level":"info","message":"server is running at 8000","timestamp":"2023-07-03T19:49:59.360Z"}
{"level":"info","message":"server is running at 8000","timestamp":"2023-07-03T19:52:08.410Z"}
{"level":"info","message":"server is running at 8000","timestamp":"2023-07-03T19:52:10.051Z"}
{"level":"info","message":"server is running at 8000","timestamp":"2023-07-03T19:53:38.811Z"}
{"level":"info","message":"server is running at 8000","timestamp":"2023-07-03T19:57:23.482Z"}
{"level":"info","message":"server is running at 8000","timestamp":"2023-07-03T19:57:29.044Z"}
{"level":"info","message":"server is running at 8000","timestamp":"2023-07-03T19:57:34.230Z"}
{"level":"info","message":"server is running at 8000","timestamp":"2023-07-03T19:57:35.476Z"}
{"level":"info","message":"server is running at 8000","timestamp":"2023-07-03T19:57:39.285Z"}
{"level":"info","message":"server is running at 8000","timestamp":"2023-07-03T19:57:43.033Z"}
{"level":"info","message":"server is running at 8000","timestamp":"2023-07-03T19:57:47.552Z"}
{"level":"info","message":"server is running at 8000","timestamp":"2023-07-03T19:57:53.793Z"}
{"level":"info","message":"server is running at 8000","timestamp":"2023-07-03T19:57:57.540Z"}
{"level":"info","message":"server is running at 8000","timestamp":"2023-07-03T19:58:02.809Z"}
{"level":"info","message":"server is running at 8000","timestamp":"2023-07-03T19:58:06.410Z"}
{"level":"info","message":"server is running at 8000","timestamp":"2023-07-03T19:58:11.549Z"}
{"level":"info","message":"server is running at 8000","timestamp":"2023-07-03T19:58:26.937Z"}
{"level":"info","message":"server is running at 8000","timestamp":"2023-07-03T19:58:31.699Z"}
{"level":"info","message":"server is running at 8000","timestamp":"2023-07-03T19:58:47.655Z"}
{"level":"info","message":"server is running at 8000","timestamp":"2023-07-03T19:58:50.995Z"}
{"level":"info","message":"server is running at 8000","timestamp":"2023-07-03T19:58:57.468Z"}
{"level":"info","message":"server is running at 8000","timestamp":"2023-07-03T19:58:59.815Z"}
{"level":"info","message":"server is running at 8000","timestamp":"2023-07-03T19:59:08.452Z"}
{"level":"info","message":"server is running at 8000","timestamp":"2023-07-03T20:04:28.182Z"}
{"level":"info","message":"server is running at 8000","timestamp":"2023-07-03T20:04:30.977Z"}
{"level":"info","message":"server is running at 8000","timestamp":"2023-07-03T20:04:33.932Z"}
{"level":"info","message":"server is running at 8000","timestamp":"2023-07-03T20:04:36.196Z"}
{"level":"info","message":"server is running at 8000","timestamp":"2023-07-03T20:04:41.497Z"}
{"level":"info","message":"server is running at 8000","timestamp":"2023-07-03T20:04:44.571Z"}
{"level":"info","message":"server is running at 8000","timestamp":"2023-07-03T20:04:57.405Z"}
{"level":"info","message":"server is running at 8000","timestamp":"2023-07-03T20:05:09.073Z"}
{"level":"info","message":"server is running at 8000","timestamp":"2023-07-03T20:05:27.985Z"}
{"level":"info","message":"server is running at 8000","timestamp":"2023-07-03T20:14:12.695Z"}
{"level":"info","message":"server is running at 8000","timestamp":"2023-07-03T20:14:14.682Z"}
{"level":"info","message":"server is running at 8000","timestamp":"2023-07-03T20:14:20.894Z"}
{"level":"info","message":"server is running at 8000","timestamp":"2023-07-03T20:14:22.928Z"}
{"level":"info","message":"server is running at 8000","timestamp":"2023-07-03T20:15:57.159Z"}
{"level":"info","message":"server is running at 8000","timestamp":"2023-07-03T20:16:02.385Z"}
{"level":"info","message":"server is running at 8000","timestamp":"2023-07-03T20:16:07.097Z"}
{"level":"info","message":"server is running at 8000","timestamp":"2023-07-03T20:19:51.242Z"}
{"level":"info","message":"server is running at 8000","timestamp":"2023-07-03T20:19:54.078Z"}
{"level":"info","message":"server is running at 8000","timestamp":"2023-07-03T20:19:58.109Z"}
{"level":"info","message":"server is running at 8000","timestamp":"2023-07-03T20:20:21.630Z"}
{"level":"info","message":"server is running at 8000","timestamp":"2023-07-03T20:20:26.611Z"}
{"level":"info","message":"server is running at 8000","timestamp":"2023-07-03T20:20:40.176Z"}
{"level":"info","message":"server is running at 8000","timestamp":"2023-07-03T20:33:52.243Z"}
{"level":"info","message":"server is running at 8000","timestamp":"2023-07-03T20:34:08.546Z"}
{"level":"info","message":"server is running at 8000","timestamp":"2023-07-03T20:34:10.999Z"}
{"level":"info","message":"server is running at 8000","timestamp":"2023-07-03T20:34:40.803Z"}
{"level":"info","message":"server is running at 8000","timestamp":"2023-07-03T20:34:43.569Z"}
{"level":"info","message":"server is running at 8000","timestamp":"2023-07-03T20:34:45.759Z"}
{"level":"info","message":"server is running at 8000","timestamp":"2023-07-03T20:37:44.394Z"}
{"level":"info","message":"server is running at 8000","timestamp":"2023-07-03T20:37:47.167Z"}
{"level":"info","message":"server is running at 8000","timestamp":"2023-07-03T20:37:50.635Z"}
{"level":"info","message":"server is running at 8000","timestamp":"2023-07-03T20:39:28.377Z"}
{"level":"info","message":"server is running at 8000","timestamp":"2023-07-03T20:41:33.001Z"}
{"level":"info","message":"server is running at 8000","timestamp":"2023-07-03T20:41:37.412Z"}
{"level":"info","message":"server is running at 8000","timestamp":"2023-07-03T20:41:46.270Z"}
{"level":"info","message":"server is running at 8000","timestamp":"2023-07-03T20:41:48.185Z"}
{"level":"info","message":"server is running at 8000","timestamp":"2023-07-03T20:41:53.537Z"}
{"level":"info","message":"server is running at 8000","timestamp":"2023-07-03T20:41:58.461Z"}
{"level":"info","message":"server is running at 8000","timestamp":"2023-07-03T20:42:00.989Z"}
{"level":"info","message":"server is running at 8000","timestamp":"2023-07-03T20:42:20.608Z"}
{"level":"info","message":"server is running at 8000","timestamp":"2023-07-03T20:42:28.102Z"}
{"level":"info","message":"server is running at 8000","timestamp":"2023-07-03T20:42:29.284Z"}
{"level":"info","message":"server is running at 8000","timestamp":"2023-07-03T20:42:34.161Z"}
{"level":"info","message":"server is running at 8000","timestamp":"2023-07-03T20:42:36.757Z"}
{"level":"info","message":"server is running at 8000","timestamp":"2023-07-03T20:42:38.867Z"}
{"level":"info","message":"server is running at 8000","timestamp":"2023-07-03T20:42:43.898Z"}
{"level":"info","message":"server is running at 8000","timestamp":"2023-07-03T20:43:49.245Z"}
{"level":"info","message":"server is running at 8000","timestamp":"2023-07-03T20:43:53.505Z"}
{"level":"info","message":"server is running at 8000","timestamp":"2023-07-03T20:44:04.453Z"}
{"level":"info","message":"server is running at 8000","timestamp":"2023-07-03T20:44:17.000Z"}
{"level":"info","message":"server is running at 8000","timestamp":"2023-07-03T20:44:37.461Z"}
{"level":"info","message":"server is running at 8000","timestamp":"2023-07-03T20:44:40.975Z"}
{"level":"info","message":"server is running at 8000","timestamp":"2023-07-03T20:45:14.591Z"}
{"level":"info","message":"server is running at 8000","timestamp":"2023-07-03T20:45:15.832Z"}
{"level":"info","message":"server is running at 8000","timestamp":"2023-07-03T20:45:18.974Z"}
{"level":"info","message":"server is running at 8000","timestamp":"2023-07-03T20:45:21.294Z"}
{"level":"info","message":"server is running at 8000","timestamp":"2023-07-03T20:45:37.943Z"}
{"level":"info","message":"server is running at 8000","timestamp":"2023-07-03T20:46:49.683Z"}
{"level":"info","message":"server is running at 8000","timestamp":"2023-07-03T20:46:54.663Z"}
{"level":"info","message":"server is running at 8000","timestamp":"2023-07-03T20:46:57.430Z"}
{"level":"info","message":"server is running at 8000","timestamp":"2023-07-03T20:47:40.828Z"}
{"level":"info","message":"server is running at 8000","timestamp":"2023-07-03T20:47:42.087Z"}
{"level":"info","message":"server is running at 8000","timestamp":"2023-07-03T20:47:44.271Z"}
{"level":"info","message":"server is running at 8000","timestamp":"2023-07-03T20:48:11.453Z"}
{"level":"info","message":"server is running at 8000","timestamp":"2023-07-03T20:49:21.579Z"}
{"level":"info","message":"server is running at 8000","timestamp":"2023-07-03T20:50:04.609Z"}
{"level":"info","message":"server is running at 8000","timestamp":"2023-07-03T20:50:06.670Z"}
{"level":"info","message":"server is running at 8000","timestamp":"2023-07-03T20:50:17.144Z"}
{"level":"info","message":"server is running at 8000","timestamp":"2023-07-03T20:50:25.308Z"}
{"level":"info","message":"server is running at 8000","timestamp":"2023-07-03T20:55:19.659Z"}
{"level":"info","message":"server is running at 8000","timestamp":"2023-07-03T20:55:28.534Z"}
{"level":"info","message":"server is running at 8000","timestamp":"2023-07-03T20:55:30.992Z"}
{"level":"info","message":"server is running at 8000","timestamp":"2023-07-03T20:55:33.573Z"}
{"level":"info","message":"server is running at 8000","timestamp":"2023-07-03T20:56:22.615Z"}
{"level":"info","message":"server is running at 8000","timestamp":"2023-07-03T20:56:32.097Z"}
{"level":"info","message":"server is running at 8000","timestamp":"2023-07-03T20:59:04.519Z"}
{"level":"info","message":"server is running at 8000","timestamp":"2023-07-03T20:59:09.124Z"}
{"level":"info","message":"server is running at 8000","timestamp":"2023-07-03T20:59:10.997Z"}
{"level":"info","message":"server is running at 8000","timestamp":"2023-07-03T20:59:16.795Z"}
{"level":"info","message":"server is running at 8000","timestamp":"2023-07-03T20:59:21.141Z"}
{"level":"info","message":"server is running at 8000","timestamp":"2023-07-03T20:59:23.020Z"}
{"level":"info","message":"server is running at 8000","timestamp":"2023-07-03T20:59:26.064Z"}
{"level":"info","message":"server is running at 8000","timestamp":"2023-07-03T21:00:34.229Z"}
{"level":"info","message":"server is running at 8000","timestamp":"2023-07-03T21:00:36.931Z"}
{"level":"info","message":"server is running at 8000","timestamp":"2023-07-03T21:00:44.526Z"}
{"level":"info","message":"server is running at 8000","timestamp":"2023-07-03T21:01:31.532Z"}
{"level":"info","message":"server is running at 8000","timestamp":"2023-07-03T21:01:53.281Z"}
{"level":"info","message":"server is running at 8000","timestamp":"2023-07-03T21:02:10.242Z"}
{"level":"info","message":"server is running at 8000","timestamp":"2023-07-03T21:02:29.148Z"}
{"level":"info","message":"server is running at 8000","timestamp":"2023-07-03T21:02:54.008Z"}
{"level":"info","message":"server is running at 8000","timestamp":"2023-07-03T21:02:58.437Z"}
{"level":"info","message":"server is running at 8000","timestamp":"2023-07-03T21:03:06.369Z"}
{"level":"info","message":"server is running at 8000","timestamp":"2023-07-03T21:03:25.659Z"}
{"level":"info","message":"server is running at 8000","timestamp":"2023-07-03T21:03:53.844Z"}
{"level":"info","message":"server is running at 8000","timestamp":"2023-07-03T21:04:03.463Z"}
{"level":"info","message":"server is running at 8000","timestamp":"2023-07-03T21:07:45.189Z"}
{"level":"info","message":"server is running at 8000","timestamp":"2023-07-03T21:08:07.996Z"}
{"level":"info","message":"server is running at 8000","timestamp":"2023-07-03T21:08:31.764Z"}
{"level":"info","message":"server is running at 8000","timestamp":"2023-07-03T21:08:35.368Z"}
{"level":"info","message":"server is running at 8000","timestamp":"2023-07-03T21:08:37.647Z"}
{"level":"info","message":"server is running at 8000","timestamp":"2023-07-03T21:09:01.754Z"}
{"level":"info","message":"server is running at 8000","timestamp":"2023-07-03T21:09:19.870Z"}
{"level":"info","message":"server is running at 8000","timestamp":"2023-07-03T21:09:41.139Z"}
{"level":"info","message":"server is running at 8000","timestamp":"2023-07-03T21:09:45.542Z"}
{"level":"info","message":"server is running at 8000","timestamp":"2023-07-03T21:09:52.130Z"}
{"level":"info","message":"server is running at 8000","timestamp":"2023-07-03T21:10:34.104Z"}
{"level":"info","message":"server is running at 8000","timestamp":"2023-07-03T21:11:05.806Z"}
