{"level":"info","message":"server is running at 8000","timestamp":"2023-07-10T04:37:27.361Z"}
{"level":"info","message":"server is running at 8000","timestamp":"2023-07-10T04:38:13.960Z"}
{"level":"info","message":"server is running at 8000","timestamp":"2023-07-10T04:39:38.563Z"}
{"level":"info","message":"server is running at 8000","timestamp":"2023-07-10T04:42:35.597Z"}
{"level":"info","message":"server is running at 8000","timestamp":"2023-07-10T04:42:37.387Z"}
{"level":"info","message":"server is running at 8000","timestamp":"2023-07-10T04:45:29.180Z"}
{"level":"info","message":"server is running at 8000","timestamp":"2023-07-10T04:45:30.870Z"}
{"level":"info","message":"server is running at 8000","timestamp":"2023-07-10T04:45:43.472Z"}
{"level":"info","message":"server is running at 8000","timestamp":"2023-07-10T04:45:45.364Z"}
{"level":"info","message":"server is running at 8000","timestamp":"2023-07-10T04:45:52.629Z"}
{"level":"info","message":"server is running at 8000","timestamp":"2023-07-10T05:08:12.228Z"}
{"level":"info","message":"server is running at 8000","timestamp":"2023-07-10T05:36:31.056Z"}
{"level":"info","message":"server is running at 8000","timestamp":"2023-07-10T05:40:19.650Z"}
{"level":"info","message":"server is running at 8000","timestamp":"2023-07-10T05:40:25.766Z"}
{"level":"info","message":"server is running at 8000","timestamp":"2023-07-10T05:46:38.755Z"}
{"level":"info","message":"server is running at 8000","timestamp":"2023-07-10T05:52:09.812Z"}
{"level":"info","message":"server is running at 8000","timestamp":"2023-07-10T05:54:17.597Z"}
{"level":"info","message":"server is running at 8000","timestamp":"2023-07-10T05:54:49.848Z"}
{"level":"info","message":"server is running at 8000","timestamp":"2023-07-10T05:55:07.235Z"}
{"level":"info","message":"server is running at 8000","timestamp":"2023-07-10T05:55:30.578Z"}
{"level":"info","message":"server is running at 8000","timestamp":"2023-07-10T05:55:34.240Z"}
{"level":"info","message":"server is running at 8000","timestamp":"2023-07-10T05:55:36.242Z"}
{"level":"info","message":"server is running at 8000","timestamp":"2023-07-10T05:55:44.441Z"}
{"level":"info","message":"server is running at 8000","timestamp":"2023-07-10T05:55:49.129Z"}
{"level":"info","message":"server is running at 8000","timestamp":"2023-07-10T05:55:52.912Z"}
{"level":"info","message":"server is running at 8000","timestamp":"2023-07-10T05:57:06.283Z"}
{"level":"info","message":"server is running at 8000","timestamp":"2023-07-10T05:57:14.334Z"}
{"level":"info","message":"server is running at 8000","timestamp":"2023-07-10T05:57:45.551Z"}
{"level":"info","message":"server is running at 8000","timestamp":"2023-07-10T05:58:22.776Z"}
{"level":"info","message":"server is running at 8000","timestamp":"2023-07-10T05:58:27.680Z"}
{"level":"info","message":"server is running at 8000","timestamp":"2023-07-10T05:59:00.068Z"}
{"level":"info","message":"server is running at 8000","timestamp":"2023-07-10T05:59:03.314Z"}
{"level":"info","message":"server is running at 8000","timestamp":"2023-07-10T05:59:07.671Z"}
{"level":"info","message":"server is running at 8000","timestamp":"2023-07-10T05:59:09.964Z"}
{"level":"info","message":"server is running at 8000","timestamp":"2023-07-10T05:59:15.462Z"}
{"level":"info","message":"server is running at 8000","timestamp":"2023-07-10T06:09:12.266Z"}
{"level":"info","message":"server is running at 8000","timestamp":"2023-07-10T06:14:25.756Z"}
{"level":"info","message":"server is running at 8000","timestamp":"2023-07-10T06:14:28.053Z"}
{"level":"info","message":"server is running at 8000","timestamp":"2023-07-10T06:14:45.104Z"}
{"level":"info","message":"server is running at 8000","timestamp":"2023-07-10T06:15:02.653Z"}
{"level":"info","message":"server is running at 8000","timestamp":"2023-07-10T06:15:04.224Z"}
{"level":"info","message":"server is running at 8000","timestamp":"2023-07-10T06:15:45.635Z"}
{"level":"info","message":"server is running at 8000","timestamp":"2023-07-10T06:15:56.408Z"}
{"level":"info","message":"server is running at 8000","timestamp":"2023-07-10T06:17:42.093Z"}
{"level":"info","message":"server is running at 8000","timestamp":"2023-07-10T06:17:44.324Z"}
{"level":"info","message":"server is running at 8000","timestamp":"2023-07-10T06:17:48.406Z"}
{"level":"info","message":"server is running at 8000","timestamp":"2023-07-10T06:18:55.417Z"}
{"level":"info","message":"server is running at 8000","timestamp":"2023-07-10T06:19:27.535Z"}
{"level":"info","message":"server is running at 8000","timestamp":"2023-07-10T06:21:44.144Z"}
{"level":"info","message":"server is running at 8000","timestamp":"2023-07-10T06:22:46.410Z"}
{"level":"info","message":"server is running at 8000","timestamp":"2023-07-10T06:22:59.923Z"}
{"level":"info","message":"server is running at 8000","timestamp":"2023-07-10T06:23:13.789Z"}
{"level":"info","message":"server is running at 8000","timestamp":"2023-07-10T06:24:56.607Z"}
{"level":"info","message":"server is running at 8000","timestamp":"2023-07-10T06:25:32.045Z"}
{"level":"info","message":"server is running at 8000","timestamp":"2023-07-10T06:25:34.382Z"}
{"level":"info","message":"server is running at 8000","timestamp":"2023-07-10T06:25:39.699Z"}
{"level":"info","message":"server is running at 8000","timestamp":"2023-07-10T06:26:18.123Z"}
{"level":"info","message":"server is running at 8000","timestamp":"2023-07-10T06:26:20.591Z"}
{"level":"info","message":"server is running at 8000","timestamp":"2023-07-10T06:26:29.569Z"}
{"level":"info","message":"server is running at 8000","timestamp":"2023-07-10T06:29:30.760Z"}
{"level":"info","message":"server is running at 8000","timestamp":"2023-07-10T06:29:49.205Z"}
{"level":"info","message":"server is running at 8000","timestamp":"2023-07-10T06:36:20.402Z"}
{"level":"info","message":"server is running at 8000","timestamp":"2023-07-10T06:36:25.871Z"}
{"level":"info","message":"server is running at 8000","timestamp":"2023-07-10T06:36:46.225Z"}
{"level":"info","message":"server is running at 8000","timestamp":"2023-07-10T06:36:53.736Z"}
{"level":"info","message":"server is running at 8000","timestamp":"2023-07-10T06:37:01.336Z"}
{"level":"info","message":"server is running at 8000","timestamp":"2023-07-10T06:37:06.709Z"}
{"level":"info","message":"server is running at 8000","timestamp":"2023-07-10T06:37:34.977Z"}
{"level":"info","message":"server is running at 8000","timestamp":"2023-07-10T06:37:55.896Z"}
{"level":"info","message":"server is running at 8000","timestamp":"2023-07-10T06:37:57.864Z"}
{"level":"info","message":"server is running at 8000","timestamp":"2023-07-10T06:38:10.993Z"}
{"level":"info","message":"server is running at 8000","timestamp":"2023-07-10T06:39:49.823Z"}
{"level":"info","message":"server is running at 8000","timestamp":"2023-07-10T06:39:51.998Z"}
{"level":"info","message":"server is running at 8000","timestamp":"2023-07-10T06:45:32.776Z"}
{"level":"info","message":"server is running at 8000","timestamp":"2023-07-10T06:45:35.519Z"}
{"level":"info","message":"server is running at 8000","timestamp":"2023-07-10T06:45:43.820Z"}
{"level":"info","message":"server is running at 8000","timestamp":"2023-07-10T06:45:47.314Z"}
{"level":"info","message":"server is running at 8000","timestamp":"2023-07-10T06:46:55.456Z"}
{"level":"info","message":"server is running at 8000","timestamp":"2023-07-10T06:47:05.100Z"}
{"level":"info","message":"server is running at 8000","timestamp":"2023-07-10T06:47:08.738Z"}
{"level":"info","message":"server is running at 8000","timestamp":"2023-07-10T06:47:11.748Z"}
{"level":"info","message":"server is running at 8000","timestamp":"2023-07-10T06:47:23.585Z"}
{"level":"info","message":"server is running at 8000","timestamp":"2023-07-10T07:12:29.734Z"}
{"level":"info","message":"server is running at 8000","timestamp":"2023-07-10T07:12:33.298Z"}
{"level":"info","message":"server is running at 8000","timestamp":"2023-07-10T07:13:15.563Z"}
{"level":"info","message":"server is running at 8000","timestamp":"2023-07-10T07:22:33.870Z"}
{"level":"info","message":"server is running at 8000","timestamp":"2023-07-10T07:23:48.647Z"}
{"level":"info","message":"server is running at 8000","timestamp":"2023-07-10T07:24:26.281Z"}
{"level":"info","message":"server is running at 8000","timestamp":"2023-07-10T07:24:27.654Z"}
{"level":"info","message":"server is running at 8000","timestamp":"2023-07-10T07:31:52.492Z"}
{"level":"info","message":"server is running at 8000","timestamp":"2023-07-10T07:32:10.569Z"}
{"level":"info","message":"server is running at 8000","timestamp":"2023-07-10T07:32:34.541Z"}
{"level":"info","message":"server is running at 8000","timestamp":"2023-07-10T07:32:45.785Z"}
{"level":"info","message":"server is running at 8000","timestamp":"2023-07-10T07:32:50.497Z"}
{"level":"info","message":"server is running at 8000","timestamp":"2023-07-10T07:32:53.146Z"}
{"level":"info","message":"server is running at 8000","timestamp":"2023-07-10T07:33:10.671Z"}
{"level":"info","message":"server is running at 8000","timestamp":"2023-07-10T07:33:25.851Z"}
{"level":"info","message":"server is running at 8000","timestamp":"2023-07-10T07:35:14.084Z"}
{"level":"info","message":"server is running at 8000","timestamp":"2023-07-10T07:35:18.412Z"}
{"level":"info","message":"server is running at 8000","timestamp":"2023-07-10T07:35:31.171Z"}
{"level":"info","message":"server is running at 8000","timestamp":"2023-07-10T07:35:35.981Z"}
{"level":"info","message":"server is running at 8000","timestamp":"2023-07-10T07:35:37.595Z"}
{"level":"info","message":"server is running at 8000","timestamp":"2023-07-10T07:35:45.399Z"}
{"level":"info","message":"server is running at 8000","timestamp":"2023-07-10T07:35:47.693Z"}
{"level":"info","message":"server is running at 8000","timestamp":"2023-07-10T07:37:11.743Z"}
{"level":"info","message":"server is running at 8000","timestamp":"2023-07-10T07:37:16.840Z"}
{"level":"info","message":"server is running at 8000","timestamp":"2023-07-10T07:37:27.632Z"}
{"level":"info","message":"server is running at 8000","timestamp":"2023-07-10T07:37:31.114Z"}
{"level":"info","message":"server is running at 8000","timestamp":"2023-07-10T07:37:33.269Z"}
{"level":"info","message":"server is running at 8000","timestamp":"2023-07-10T07:40:11.302Z"}
{"level":"info","message":"server is running at 8000","timestamp":"2023-07-10T07:40:13.764Z"}
{"level":"info","message":"server is running at 8000","timestamp":"2023-07-10T07:40:39.240Z"}
{"level":"info","message":"server is running at 8000","timestamp":"2023-07-10T07:40:52.176Z"}
{"level":"info","message":"server is running at 8000","timestamp":"2023-07-10T07:40:56.950Z"}
{"level":"info","message":"server is running at 8000","timestamp":"2023-07-10T07:40:59.193Z"}
{"level":"info","message":"server is running at 8000","timestamp":"2023-07-10T07:41:06.274Z"}
{"level":"info","message":"server is running at 8000","timestamp":"2023-07-10T07:41:08.213Z"}
{"level":"info","message":"server is running at 8000","timestamp":"2023-07-10T07:41:13.100Z"}
{"level":"info","message":"server is running at 8000","timestamp":"2023-07-10T07:42:02.563Z"}
{"level":"info","message":"server is running at 8000","timestamp":"2023-07-10T07:42:06.006Z"}
{"level":"info","message":"server is running at 8000","timestamp":"2023-07-10T07:42:11.234Z"}
{"level":"info","message":"server is running at 8000","timestamp":"2023-07-10T07:42:18.057Z"}
{"level":"info","message":"server is running at 8000","timestamp":"2023-07-10T07:42:23.370Z"}
{"level":"info","message":"server is running at 8000","timestamp":"2023-07-10T07:42:37.619Z"}
{"level":"info","message":"server is running at 8000","timestamp":"2023-07-10T07:42:44.309Z"}
{"level":"info","message":"server is running at 8000","timestamp":"2023-07-10T07:42:48.306Z"}
{"level":"info","message":"server is running at 8000","timestamp":"2023-07-10T08:00:54.345Z"}
{"level":"info","message":"server is running at 8000","timestamp":"2023-07-10T08:00:56.954Z"}
{"level":"info","message":"server is running at 8000","timestamp":"2023-07-10T08:00:58.263Z"}
{"level":"info","message":"server is running at 8000","timestamp":"2023-07-10T08:01:04.652Z"}
{"level":"info","message":"server is running at 8000","timestamp":"2023-07-10T08:01:22.046Z"}
{"level":"info","message":"server is running at 8000","timestamp":"2023-07-10T08:01:32.104Z"}
{"level":"info","message":"server is running at 8000","timestamp":"2023-07-10T08:01:35.102Z"}
{"level":"info","message":"server is running at 8000","timestamp":"2023-07-10T08:01:54.157Z"}
{"level":"info","message":"server is running at 8000","timestamp":"2023-07-10T08:02:31.975Z"}
{"level":"info","message":"server is running at 8000","timestamp":"2023-07-10T08:02:39.301Z"}
{"level":"info","message":"server is running at 8000","timestamp":"2023-07-10T08:02:48.822Z"}
{"level":"info","message":"server is running at 8000","timestamp":"2023-07-10T08:03:15.081Z"}
{"level":"info","message":"server is running at 8000","timestamp":"2023-07-10T08:14:23.068Z"}
{"level":"info","message":"server is running at 8000","timestamp":"2023-07-10T08:15:31.316Z"}
{"level":"info","message":"server is running at 8000","timestamp":"2023-07-10T08:15:35.603Z"}
{"level":"info","message":"server is running at 8000","timestamp":"2023-07-10T08:15:37.236Z"}
{"level":"info","message":"server is running at 8000","timestamp":"2023-07-10T08:15:45.451Z"}
{"level":"info","message":"server is running at 8000","timestamp":"2023-07-10T08:15:46.955Z"}
{"level":"info","message":"server is running at 8000","timestamp":"2023-07-10T08:15:58.625Z"}
{"level":"info","message":"server is running at 8000","timestamp":"2023-07-10T08:15:59.976Z"}
{"level":"info","message":"server is running at 8000","timestamp":"2023-07-10T08:16:08.648Z"}
{"level":"info","message":"server is running at 8000","timestamp":"2023-07-10T08:16:18.786Z"}
{"level":"info","message":"server is running at 8000","timestamp":"2023-07-10T08:16:26.457Z"}
{"level":"info","message":"server is running at 8000","timestamp":"2023-07-10T08:16:53.502Z"}
{"level":"info","message":"server is running at 8000","timestamp":"2023-07-10T08:17:00.242Z"}
{"level":"info","message":"server is running at 8000","timestamp":"2023-07-10T08:32:16.169Z"}
{"level":"info","message":"kyc transaction requested for","timestamp":"2023-07-10T09:49:24.923Z"}
{"level":"info","message":{"code":"ERR_BAD_REQUEST","config":{"adapter":["xhr","http"],"data":"{\"companyKey\":\"TST00001\",\"templateKey\":\"TMPTS00054\",\"expiresInDays\":\"30\",\"createdForEmail\":\"abhinand+qcuat1@manchtech.com\",\"createdByEmail\":\"abhinand+csupport@manchtech.com\",\"title\":\"e-KYC process\",\"message\":\"Please fill the details and submit\",\"secondPartyDetails\":{\"name\":\"mmtteststore8\",\"email\":\"varshaa@marmeto.com\"}}","env":{},"headers":{"Accept":"application/json, text/plain, */*","Accept-Encoding":"gzip, compress, deflate, br","Authorization":"HS256 TST00001:e12f2ad6f9856012b8063f426d464e1c67dff04013acc4a3ef6c6597208bf114","Content-Length":"321","Content-Type":"application/vnd.manch.v1+json","User-Agent":"axios/1.4.0","request-id":"1688982564923"},"maxBodyLength":-1,"maxContentLength":-1,"method":"post","timeout":0,"transformRequest":[null],"transformResponse":[null],"transitional":{"clarifyTimeoutError":false,"forcedJSONParsing":true,"silentJSONParsing":true},"url":"https://giftsmiles-uat.woohoo.in/app/api/fill-data/transaction","xsrfCookieName":"XSRF-TOKEN","xsrfHeaderName":"X-XSRF-TOKEN"},"message":"Request failed with status code 400","name":"AxiosError","stack":"AxiosError: Request failed with status code 400\n    at settle (file:///D:/QC-APP/node_modules/axios/lib/core/settle.js:19:12)\n    at IncomingMessage.handleStreamEnd (file:///D:/QC-APP/node_modules/axios/lib/adapters/http.js:570:11)\n    at IncomingMessage.emit (node:events:525:35)\n    at endReadableNT (node:internal/streams/readable:1359:12)\n    at process.processTicksAndRejections (node:internal/process/task_queues:82:21)","status":400},"timestamp":"2023-07-10T09:49:25.313Z"}
{"level":"info","message":"kyc transaction requested for","timestamp":"2023-07-10T09:54:17.748Z"}
{"level":"info","message":{"code":"ERR_BAD_REQUEST","config":{"adapter":["xhr","http"],"data":"{\"companyKey\":\"TST00001\",\"templateKey\":\"TMPTS00054\",\"expiresInDays\":\"30\",\"createdForEmail\":\"abhinand+qcuat1@manchtech.com\",\"createdByEmail\":\"abhinand+csupport@manchtech.com\",\"title\":\"e-KYC process\",\"message\":\"Please fill the details and submit\",\"secondPartyDetails\":{\"name\":\"mmtteststore8\",\"email\":\"varshaa@marmeto.com\"}}","env":{},"headers":{"Accept":"application/json, text/plain, */*","Accept-Encoding":"gzip, compress, deflate, br","Authorization":"HS256 TST00001:f651d77c96ba557d3bc51d4823186d8b8633146187045690b13d3a6c7573657b","Content-Length":"321","Content-Type":"application/vnd.manch.v1+json","User-Agent":"axios/1.4.0","request-id":"1688982857748"},"maxBodyLength":-1,"maxContentLength":-1,"method":"post","timeout":0,"transformRequest":[null],"transformResponse":[null],"transitional":{"clarifyTimeoutError":false,"forcedJSONParsing":true,"silentJSONParsing":true},"url":"https://giftsmiles-uat.woohoo.in/app/api/fill-data/transaction","xsrfCookieName":"XSRF-TOKEN","xsrfHeaderName":"X-XSRF-TOKEN"},"message":"Request failed with status code 400","name":"AxiosError","stack":"AxiosError: Request failed with status code 400\n    at settle (file:///D:/QC-APP/node_modules/axios/lib/core/settle.js:19:12)\n    at IncomingMessage.handleStreamEnd (file:///D:/QC-APP/node_modules/axios/lib/adapters/http.js:570:11)\n    at IncomingMessage.emit (node:events:525:35)\n    at endReadableNT (node:internal/streams/readable:1359:12)\n    at process.processTicksAndRejections (node:internal/process/task_queues:82:21)","status":400},"timestamp":"2023-07-10T09:54:18.032Z"}
{"level":"info","message":"kyc transaction requested for","timestamp":"2023-07-10T09:54:18.912Z"}
{"level":"info","message":{"code":"ERR_BAD_REQUEST","config":{"adapter":["xhr","http"],"data":"{\"companyKey\":\"TST00001\",\"templateKey\":\"TMPTS00054\",\"expiresInDays\":\"30\",\"createdForEmail\":\"abhinand+qcuat1@manchtech.com\",\"createdByEmail\":\"abhinand+csupport@manchtech.com\",\"title\":\"e-KYC process\",\"message\":\"Please fill the details and submit\",\"secondPartyDetails\":{\"name\":\"mmtteststore8\",\"email\":\"varshaa@marmeto.com\"}}","env":{},"headers":{"Accept":"application/json, text/plain, */*","Accept-Encoding":"gzip, compress, deflate, br","Authorization":"HS256 TST00001:83a882c608e1b59e3ebabf4462e91045244e31a925c63aac33900a71dc8c1feb","Content-Length":"321","Content-Type":"application/vnd.manch.v1+json","User-Agent":"axios/1.4.0","request-id":"1688982858912"},"maxBodyLength":-1,"maxContentLength":-1,"method":"post","timeout":0,"transformRequest":[null],"transformResponse":[null],"transitional":{"clarifyTimeoutError":false,"forcedJSONParsing":true,"silentJSONParsing":true},"url":"https://giftsmiles-uat.woohoo.in/app/api/fill-data/transaction","xsrfCookieName":"XSRF-TOKEN","xsrfHeaderName":"X-XSRF-TOKEN"},"message":"Request failed with status code 400","name":"AxiosError","stack":"AxiosError: Request failed with status code 400\n    at settle (file:///D:/QC-APP/node_modules/axios/lib/core/settle.js:19:12)\n    at IncomingMessage.handleStreamEnd (file:///D:/QC-APP/node_modules/axios/lib/adapters/http.js:570:11)\n    at IncomingMessage.emit (node:events:525:35)\n    at endReadableNT (node:internal/streams/readable:1359:12)\n    at process.processTicksAndRejections (node:internal/process/task_queues:82:21)","status":400},"timestamp":"2023-07-10T09:54:19.172Z"}
{"level":"info","message":"kyc transaction requested for","timestamp":"2023-07-10T09:54:58.677Z"}
{"level":"info","message":{"code":"ERR_BAD_REQUEST","config":{"adapter":["xhr","http"],"data":"{\"companyKey\":\"TST00001\",\"templateKey\":\"TMPTS00054\",\"expiresInDays\":\"30\",\"createdForEmail\":\"abhinand+qcuat1@manchtech.com\",\"createdByEmail\":\"abhinand+csupport@manchtech.com\",\"title\":\"e-KYC process\",\"message\":\"Please fill the details and submit\",\"secondPartyDetails\":{\"name\":\"mmtteststore8\",\"email\":\"varshaa@marmeto.com\"}}","env":{},"headers":{"Accept":"application/json, text/plain, */*","Accept-Encoding":"gzip, compress, deflate, br","Authorization":"HS256 TST00001:44da1f976cf2307683cd8d33ce79aeee0c4600501ec1aeaecfebfcef2ee9d6d2","Content-Length":"321","Content-Type":"application/vnd.manch.v1+json","User-Agent":"axios/1.4.0","request-id":"1688982898677"},"maxBodyLength":-1,"maxContentLength":-1,"method":"post","timeout":0,"transformRequest":[null],"transformResponse":[null],"transitional":{"clarifyTimeoutError":false,"forcedJSONParsing":true,"silentJSONParsing":true},"url":"https://giftsmiles-uat.woohoo.in/app/api/fill-data/transaction","xsrfCookieName":"XSRF-TOKEN","xsrfHeaderName":"X-XSRF-TOKEN"},"message":"Request failed with status code 400","name":"AxiosError","stack":"AxiosError: Request failed with status code 400\n    at settle (file:///D:/QC-APP/node_modules/axios/lib/core/settle.js:19:12)\n    at IncomingMessage.handleStreamEnd (file:///D:/QC-APP/node_modules/axios/lib/adapters/http.js:570:11)\n    at IncomingMessage.emit (node:events:525:35)\n    at endReadableNT (node:internal/streams/readable:1359:12)\n    at process.processTicksAndRejections (node:internal/process/task_queues:82:21)","status":400},"timestamp":"2023-07-10T09:54:58.949Z"}
{"level":"info","message":"kyc transaction requested for","timestamp":"2023-07-10T09:55:49.420Z"}
{"level":"info","message":{"code":"ERR_BAD_REQUEST","config":{"adapter":["xhr","http"],"data":"{\"companyKey\":\"TST00001\",\"templateKey\":\"TMPTS00054\",\"expiresInDays\":\"30\",\"createdForEmail\":\"abhinand+qcuat1@manchtech.com\",\"createdByEmail\":\"abhinand+csupport@manchtech.com\",\"title\":\"e-KYC process\",\"message\":\"Please fill the details and submit\",\"secondPartyDetails\":{\"name\":\"mmtteststore8\",\"email\":\"varshaa@marmeto.com\"}}","env":{},"headers":{"Accept":"application/json, text/plain, */*","Accept-Encoding":"gzip, compress, deflate, br","Authorization":"HS256 TST00001:f23cb8066e98e8b13763a030201b8799c5f2ab6fdae6686a2962aabc04a257aa","Content-Length":"321","Content-Type":"application/vnd.manch.v1+json","User-Agent":"axios/1.4.0","request-id":"1688982949419"},"maxBodyLength":-1,"maxContentLength":-1,"method":"post","timeout":0,"transformRequest":[null],"transformResponse":[null],"transitional":{"clarifyTimeoutError":false,"forcedJSONParsing":true,"silentJSONParsing":true},"url":"https://giftsmiles-uat.woohoo.in/app/api/fill-data/transaction","xsrfCookieName":"XSRF-TOKEN","xsrfHeaderName":"X-XSRF-TOKEN"},"message":"Request failed with status code 400","name":"AxiosError","stack":"AxiosError: Request failed with status code 400\n    at settle (file:///D:/QC-APP/node_modules/axios/lib/core/settle.js:19:12)\n    at IncomingMessage.handleStreamEnd (file:///D:/QC-APP/node_modules/axios/lib/adapters/http.js:570:11)\n    at IncomingMessage.emit (node:events:525:35)\n    at endReadableNT (node:internal/streams/readable:1359:12)\n    at process.processTicksAndRejections (node:internal/process/task_queues:82:21)","status":400},"timestamp":"2023-07-10T09:55:49.654Z"}
{"level":"info","message":"kyc transaction requested for","timestamp":"2023-07-10T09:58:04.469Z"}
{"level":"info","message":{"code":"ERR_BAD_REQUEST","config":{"adapter":["xhr","http"],"data":"{\"companyKey\":\"TST00001\",\"templateKey\":\"TMPTS00054\",\"expiresInDays\":\"30\",\"createdForEmail\":\"abhinand+qcuat1@manchtech.com\",\"createdByEmail\":\"abhinand+csupport@manchtech.com\",\"title\":\"e-KYC process\",\"message\":\"Please fill the details and submit\",\"secondPartyDetails\":{\"name\":\"mmtteststore8\",\"email\":\"varshaa@marmeto.com\"}}","env":{},"headers":{"Accept":"application/json, text/plain, */*","Accept-Encoding":"gzip, compress, deflate, br","Authorization":"HS256 TST00001:6a6473592378056ee51055ebdba56e3359e56c784398ed4315011c6651f4d83a","Content-Length":"321","Content-Type":"application/vnd.manch.v1+json","User-Agent":"axios/1.4.0","request-id":"1688983084468"},"maxBodyLength":-1,"maxContentLength":-1,"method":"post","timeout":0,"transformRequest":[null],"transformResponse":[null],"transitional":{"clarifyTimeoutError":false,"forcedJSONParsing":true,"silentJSONParsing":true},"url":"https://giftsmiles-uat.woohoo.in/app/api/fill-data/transaction","xsrfCookieName":"XSRF-TOKEN","xsrfHeaderName":"X-XSRF-TOKEN"},"message":"Request failed with status code 400","name":"AxiosError","stack":"AxiosError: Request failed with status code 400\n    at settle (file:///D:/QC-APP/node_modules/axios/lib/core/settle.js:19:12)\n    at IncomingMessage.handleStreamEnd (file:///D:/QC-APP/node_modules/axios/lib/adapters/http.js:570:11)\n    at IncomingMessage.emit (node:events:525:35)\n    at endReadableNT (node:internal/streams/readable:1359:12)\n    at process.processTicksAndRejections (node:internal/process/task_queues:82:21)","status":400},"timestamp":"2023-07-10T09:58:04.703Z"}
{"level":"info","message":"kyc transaction requested for","timestamp":"2023-07-10T10:12:34.264Z"}
{"level":"info","message":{"code":"ERR_BAD_REQUEST","config":{"adapter":["xhr","http"],"data":"{\"companyKey\":\"TST00001\",\"templateKey\":\"TMPTS00054\",\"expiresInDays\":\"30\",\"createdForEmail\":\"abhinand+qcuat1@manchtech.com\",\"createdByEmail\":\"abhinand+csupport@manchtech.com\",\"title\":\"e-KYC process\",\"message\":\"Please fill the details and submit\",\"secondPartyDetails\":{\"name\":\"mmtteststore8\",\"email\":\"varshaa@marmeto.com\"}}","env":{},"headers":{"Accept":"application/json, text/plain, */*","Accept-Encoding":"gzip, compress, deflate, br","Authorization":"HS256 TST00001:d70aeaf6b7a47ae3e63bcb8ca475f66c2846678fd74570ab7b1b2dcbfe9fcf3f","Content-Length":"321","Content-Type":"application/vnd.manch.v1+json","User-Agent":"axios/1.4.0","request-id":"1688983954264"},"maxBodyLength":-1,"maxContentLength":-1,"method":"post","timeout":0,"transformRequest":[null],"transformResponse":[null],"transitional":{"clarifyTimeoutError":false,"forcedJSONParsing":true,"silentJSONParsing":true},"url":"https://giftsmiles-uat.woohoo.in/app/api/fill-data/transaction","xsrfCookieName":"XSRF-TOKEN","xsrfHeaderName":"X-XSRF-TOKEN"},"message":"Request failed with status code 400","name":"AxiosError","stack":"AxiosError: Request failed with status code 400\n    at settle (file:///D:/QC-APP/node_modules/axios/lib/core/settle.js:19:12)\n    at IncomingMessage.handleStreamEnd (file:///D:/QC-APP/node_modules/axios/lib/adapters/http.js:570:11)\n    at IncomingMessage.emit (node:events:525:35)\n    at endReadableNT (node:internal/streams/readable:1359:12)\n    at process.processTicksAndRejections (node:internal/process/task_queues:82:21)","status":400},"timestamp":"2023-07-10T10:12:34.496Z"}
{"level":"info","message":"server is running at 8000","timestamp":"2023-07-10T10:29:45.960Z"}
{"level":"info","message":"server is running at 8000","timestamp":"2023-07-10T10:29:48.227Z"}
{"level":"info","message":"server is running at 8000","timestamp":"2023-07-10T10:30:05.948Z"}
{"level":"info","message":"server is running at 8000","timestamp":"2023-07-10T10:30:19.835Z"}
{"level":"info","message":"server is running at 8000","timestamp":"2023-07-10T10:30:22.538Z"}
{"level":"info","message":"server is running at 8000","timestamp":"2023-07-10T10:30:24.366Z"}
{"level":"info","message":"server is running at 8000","timestamp":"2023-07-10T10:30:40.022Z"}
{"level":"info","message":"server is running at 8000","timestamp":"2023-07-10T10:32:40.296Z"}
{"level":"info","message":"kyc transaction requested for","timestamp":"2023-07-10T10:37:01.901Z"}
{"level":"info","message":{"code":"ERR_BAD_REQUEST","config":{"adapter":["xhr","http"],"data":"{\"companyKey\":\"TST00001\",\"templateKey\":\"TMPTS00054\",\"expiresInDays\":\"30\",\"createdForEmail\":\"abhinand+qcuat1@manchtech.com\",\"createdByEmail\":\"abhinand+csupport@manchtech.com\",\"title\":\"e-KYC process\",\"message\":\"Please fill the details and submit\",\"secondPartyDetails\":{\"name\":\"mmtteststore8\",\"email\":\"varshaa@marmeto.com\"}}","env":{},"headers":{"Accept":"application/json, text/plain, */*","Accept-Encoding":"gzip, compress, deflate, br","Authorization":"HS256 TST00001:bdb2154731086fa60821816389f6ad4e99aeacd4ece705dcca1bbe43d7e9659f","Content-Length":"321","Content-Type":"application/vnd.manch.v1+json","User-Agent":"axios/1.4.0","request-id":"1688985421901"},"maxBodyLength":-1,"maxContentLength":-1,"method":"post","timeout":0,"transformRequest":[null],"transformResponse":[null],"transitional":{"clarifyTimeoutError":false,"forcedJSONParsing":true,"silentJSONParsing":true},"url":"https://giftsmiles-uat.woohoo.in/app/api/fill-data/transaction","xsrfCookieName":"XSRF-TOKEN","xsrfHeaderName":"X-XSRF-TOKEN"},"message":"Request failed with status code 400","name":"AxiosError","stack":"AxiosError: Request failed with status code 400\n    at settle (file:///D:/QC-APP/node_modules/axios/lib/core/settle.js:19:12)\n    at IncomingMessage.handleStreamEnd (file:///D:/QC-APP/node_modules/axios/lib/adapters/http.js:570:11)\n    at IncomingMessage.emit (node:events:525:35)\n    at endReadableNT (node:internal/streams/readable:1359:12)\n    at process.processTicksAndRejections (node:internal/process/task_queues:82:21)","status":400},"timestamp":"2023-07-10T10:37:02.329Z"}
{"level":"info","message":"kyc transaction requested for","timestamp":"2023-07-10T10:37:26.477Z"}
{"level":"info","message":{"code":"ERR_BAD_REQUEST","config":{"adapter":["xhr","http"],"data":"{\"companyKey\":\"TST00001\",\"templateKey\":\"TMPTS00054\",\"expiresInDays\":\"30\",\"createdForEmail\":\"abhinand+qcuat1@manchtech.com\",\"createdByEmail\":\"abhinand+csupport@manchtech.com\",\"title\":\"e-KYC process\",\"message\":\"Please fill the details and submit\",\"secondPartyDetails\":{\"name\":\"mmtteststore8\",\"email\":\"varshaa@marmeto.com\"}}","env":{},"headers":{"Accept":"application/json, text/plain, */*","Accept-Encoding":"gzip, compress, deflate, br","Authorization":"HS256 TST00001:fd502dba6e9e0637d1a759ef9e5b9650a03490a85c3ad991363adc0fcb2b9150","Content-Length":"321","Content-Type":"application/vnd.manch.v1+json","User-Agent":"axios/1.4.0","request-id":"1688985446477"},"maxBodyLength":-1,"maxContentLength":-1,"method":"post","timeout":0,"transformRequest":[null],"transformResponse":[null],"transitional":{"clarifyTimeoutError":false,"forcedJSONParsing":true,"silentJSONParsing":true},"url":"https://giftsmiles-uat.woohoo.in/app/api/fill-data/transaction","xsrfCookieName":"XSRF-TOKEN","xsrfHeaderName":"X-XSRF-TOKEN"},"message":"Request failed with status code 400","name":"AxiosError","stack":"AxiosError: Request failed with status code 400\n    at settle (file:///D:/QC-APP/node_modules/axios/lib/core/settle.js:19:12)\n    at IncomingMessage.handleStreamEnd (file:///D:/QC-APP/node_modules/axios/lib/adapters/http.js:570:11)\n    at IncomingMessage.emit (node:events:525:35)\n    at endReadableNT (node:internal/streams/readable:1359:12)\n    at process.processTicksAndRejections (node:internal/process/task_queues:82:21)","status":400},"timestamp":"2023-07-10T10:37:26.751Z"}
{"level":"info","message":"kyc transaction requested for","timestamp":"2023-07-10T10:40:27.933Z"}
{"level":"info","message":{"code":"ERR_BAD_REQUEST","config":{"adapter":["xhr","http"],"data":"{\"companyKey\":\"TST00001\",\"templateKey\":\"TMPTS00054\",\"expiresInDays\":\"30\",\"createdForEmail\":\"abhinand+qcuat1@manchtech.com\",\"createdByEmail\":\"abhinand+csupport@manchtech.com\",\"title\":\"e-KYC process\",\"message\":\"Please fill the details and submit\",\"secondPartyDetails\":{\"name\":\"mmtteststore8\",\"email\":\"varshaa@marmeto.com\"}}","env":{},"headers":{"Accept":"application/json, text/plain, */*","Accept-Encoding":"gzip, compress, deflate, br","Authorization":"HS256 TST00001:1336fbdb79fd7d42bd081d8ffc39b2406da77465b88b3602a1e890acd2144e93","Content-Length":"321","Content-Type":"application/vnd.manch.v1+json","User-Agent":"axios/1.4.0","request-id":"1688985627933"},"maxBodyLength":-1,"maxContentLength":-1,"method":"post","timeout":0,"transformRequest":[null],"transformResponse":[null],"transitional":{"clarifyTimeoutError":false,"forcedJSONParsing":true,"silentJSONParsing":true},"url":"https://giftsmiles-uat.woohoo.in/app/api/fill-data/transaction","xsrfCookieName":"XSRF-TOKEN","xsrfHeaderName":"X-XSRF-TOKEN"},"message":"Request failed with status code 400","name":"AxiosError","stack":"AxiosError: Request failed with status code 400\n    at settle (file:///D:/QC-APP/node_modules/axios/lib/core/settle.js:19:12)\n    at IncomingMessage.handleStreamEnd (file:///D:/QC-APP/node_modules/axios/lib/adapters/http.js:570:11)\n    at IncomingMessage.emit (node:events:525:35)\n    at endReadableNT (node:internal/streams/readable:1359:12)\n    at process.processTicksAndRejections (node:internal/process/task_queues:82:21)","status":400},"timestamp":"2023-07-10T10:40:28.437Z"}
{"level":"info","message":"server is running at 8000","timestamp":"2023-07-10T10:41:24.981Z"}
{"level":"info","message":"kyc transaction requested for","timestamp":"2023-07-10T10:41:25.952Z"}
{"level":"info","message":"dispatch api called for","timestamp":"2023-07-10T10:41:27.496Z"}
{"level":"info","message":"kyc transaction requested for","timestamp":"2023-07-10T10:47:24.584Z"}
{"level":"info","message":"dispatch api called for","timestamp":"2023-07-10T10:47:26.149Z"}
{"level":"info","message":"kyc transaction requested for","timestamp":"2023-07-10T10:49:13.236Z"}
{"level":"info","message":"dispatch api called for","timestamp":"2023-07-10T10:49:14.550Z"}
{"level":"info","message":"server is running at 8000","timestamp":"2023-07-10T10:53:21.191Z"}
{"level":"info","message":"server is running at 8000","timestamp":"2023-07-10T10:56:42.532Z"}
{"level":"info","message":"server is running at 8000","timestamp":"2023-07-10T10:56:46.446Z"}
{"level":"info","message":"server is running at 8000","timestamp":"2023-07-10T10:57:24.754Z"}
{"level":"info","message":"server is running at 8000","timestamp":"2023-07-10T10:57:30.266Z"}
{"level":"info","message":"server is running at 8000","timestamp":"2023-07-10T11:00:37.942Z"}
{"level":"info","message":"kyc transaction requested for","timestamp":"2023-07-10T11:21:13.530Z"}
{"level":"info","message":"dispatch api called for","timestamp":"2023-07-10T11:21:14.528Z"}
{"level":"info","message":"server is running at 8000","timestamp":"2023-07-10T18:13:23.294Z"}
{"level":"info","message":{},"timestamp":"2023-07-10T18:13:39.078Z"}
{"level":"info","message":"server is running at 8000","timestamp":"2023-07-10T18:16:15.486Z"}
{"level":"info","message":"server is running at 8000","timestamp":"2023-07-10T18:16:24.060Z"}
{"level":"info","message":{},"timestamp":"2023-07-10T18:16:26.980Z"}
{"level":"info","message":"server is running at 8000","timestamp":"2023-07-10T18:17:26.075Z"}
{"level":"info","message":{},"timestamp":"2023-07-10T18:17:32.390Z"}
{"level":"info","message":"server is running at 8000","timestamp":"2023-07-10T18:18:18.910Z"}
{"level":"info","message":"server is running at 8000","timestamp":"2023-07-10T18:18:34.428Z"}
{"level":"info","message":"server is running at 8000","timestamp":"2023-07-10T18:19:02.400Z"}
{"level":"info","message":"server is running at 8000","timestamp":"2023-07-10T18:19:14.130Z"}
{"level":"info","message":"server is running at 8000","timestamp":"2023-07-10T18:19:25.319Z"}
{"level":"info","message":{},"timestamp":"2023-07-10T18:19:28.619Z"}
{"level":"info","message":"server is running at 8000","timestamp":"2023-07-10T18:19:40.482Z"}
{"level":"info","message":{},"timestamp":"2023-07-10T18:19:46.283Z"}
{"level":"info","message":"server is running at 8000","timestamp":"2023-07-10T18:21:16.617Z"}
{"level":"info","message":{},"timestamp":"2023-07-10T18:21:18.925Z"}
{"level":"info","message":"server is running at 8000","timestamp":"2023-07-10T18:21:32.203Z"}
{"level":"info","message":{},"timestamp":"2023-07-10T18:21:43.289Z"}
{"level":"info","message":"server is running at 8000","timestamp":"2023-07-10T18:23:40.686Z"}
{"level":"info","message":"server is running at 8000","timestamp":"2023-07-10T18:23:54.740Z"}
{"level":"info","message":{},"timestamp":"2023-07-10T18:23:56.539Z"}
{"level":"info","message":"server is running at 8000","timestamp":"2023-07-10T18:25:26.496Z"}
{"level":"info","message":"server is running at 8000","timestamp":"2023-07-10T18:25:28.220Z"}
{"level":"info","message":"server is running at 8000","timestamp":"2023-07-10T18:25:31.245Z"}
{"level":"info","message":{},"timestamp":"2023-07-10T18:25:34.504Z"}
{"level":"info","message":"server is running at 8000","timestamp":"2023-07-10T18:27:57.536Z"}
{"level":"info","message":"server is running at 8000","timestamp":"2023-07-10T18:28:02.789Z"}
{"level":"info","message":"server is running at 8000","timestamp":"2023-07-10T18:28:04.229Z"}
{"level":"info","message":"server is running at 8000","timestamp":"2023-07-10T18:28:07.874Z"}
{"level":"info","message":"server is running at 8000","timestamp":"2023-07-10T18:28:10.274Z"}
{"level":"info","message":"server is running at 8000","timestamp":"2023-07-10T18:28:13.592Z"}
{"level":"info","message":"server is running at 8000","timestamp":"2023-07-10T18:28:19.794Z"}
{"level":"info","message":"server is running at 8000","timestamp":"2023-07-10T18:28:23.873Z"}
{"level":"info","message":"server is running at 8000","timestamp":"2023-07-10T18:28:25.894Z"}
{"level":"info","message":{},"timestamp":"2023-07-10T18:28:27.211Z"}
{"level":"info","message":"server is running at 8000","timestamp":"2023-07-10T18:29:05.199Z"}
{"level":"info","message":"server is running at 8000","timestamp":"2023-07-10T18:29:11.432Z"}
{"level":"info","message":{},"timestamp":"2023-07-10T18:29:14.317Z"}
{"level":"info","message":"server is running at 8000","timestamp":"2023-07-10T18:32:24.937Z"}
{"level":"info","message":"server is running at 8000","timestamp":"2023-07-10T18:32:26.622Z"}
{"level":"info","message":"server is running at 8000","timestamp":"2023-07-10T18:32:30.001Z"}
{"level":"info","message":"server is running at 8000","timestamp":"2023-07-10T18:32:34.329Z"}
{"level":"info","message":{},"timestamp":"2023-07-10T18:32:35.359Z"}
{"level":"info","message":"server is running at 8000","timestamp":"2023-07-10T18:32:49.393Z"}
{"level":"info","message":"server is running at 8000","timestamp":"2023-07-10T18:32:56.491Z"}
{"level":"info","message":{},"timestamp":"2023-07-10T18:32:58.752Z"}
{"level":"info","message":"server is running at 8000","timestamp":"2023-07-10T18:33:16.305Z"}
{"level":"info","message":{},"timestamp":"2023-07-10T18:33:17.040Z"}
{"level":"info","message":"server is running at 8000","timestamp":"2023-07-10T18:33:37.692Z"}
{"level":"info","message":"server is running at 8000","timestamp":"2023-07-10T18:33:50.027Z"}
{"level":"info","message":{},"timestamp":"2023-07-10T18:35:32.165Z"}
{"level":"info","message":"server is running at 8000","timestamp":"2023-07-10T18:36:21.611Z"}
{"level":"info","message":{},"timestamp":"2023-07-10T18:36:22.272Z"}
{"level":"info","message":"server is running at 8000","timestamp":"2023-07-10T18:37:11.752Z"}
{"level":"info","message":{},"timestamp":"2023-07-10T18:37:13.197Z"}
{"level":"info","message":"server is running at 8000","timestamp":"2023-07-10T18:37:36.703Z"}
{"level":"info","message":{},"timestamp":"2023-07-10T18:37:38.139Z"}
{"level":"info","message":"server is running at 8000","timestamp":"2023-07-10T18:38:27.564Z"}
{"level":"info","message":{},"timestamp":"2023-07-10T18:38:29.037Z"}
{"level":"info","message":"server is running at 8000","timestamp":"2023-07-10T18:53:57.638Z"}
